#! /c/Source/iverilog-install/bin/vvp
:ivl_version "12.0 (devel)" "(s20150603-1539-g2693dd32b)";
:ivl_delay_selection "TYPICAL";
:vpi_time_precision + 0;
:vpi_module "C:\iverilog\lib\ivl\system.vpi";
:vpi_module "C:\iverilog\lib\ivl\vhdl_sys.vpi";
:vpi_module "C:\iverilog\lib\ivl\vhdl_textio.vpi";
:vpi_module "C:\iverilog\lib\ivl\v2005_math.vpi";
:vpi_module "C:\iverilog\lib\ivl\va_math.vpi";
S_000001e75611cab0 .scope module, "combinational_circuit" "combinational_circuit" 2 1;
 .timescale 0 0;
    .port_info 0 /INPUT 8 "input_bits";
    .port_info 1 /OUTPUT 8 "T3";
L_000001e75619d620 .functor NOT 1, L_000001e75622bc60, C4<0>, C4<0>, C4<0>;
L_000001e75619cc80 .functor NOT 1, L_000001e75622b300, C4<0>, C4<0>, C4<0>;
L_000001e75619c2e0 .functor AND 1, L_000001e75619d620, L_000001e75619cc80, C4<1>, C4<1>;
L_000001e75619d150 .functor AND 1, L_000001e75619c2e0, L_000001e75622c700, C4<1>, C4<1>;
L_000001e75619d7e0 .functor AND 1, L_000001e75619d150, L_000001e75622ca20, C4<1>, C4<1>;
L_000001e75619d850 .functor AND 1, L_000001e75619d7e0, L_000001e75622c480, C4<1>, C4<1>;
L_000001e75619d700 .functor AND 1, L_000001e75622b300, L_000001e75622c700, C4<1>, C4<1>;
L_000001e75619d2a0 .functor AND 1, L_000001e75619d700, L_000001e75622ca20, C4<1>, C4<1>;
L_000001e75619d770 .functor NOT 1, L_000001e75622c480, C4<0>, C4<0>, C4<0>;
L_000001e75619c430 .functor AND 1, L_000001e75619d2a0, L_000001e75619d770, C4<1>, C4<1>;
L_000001e75619bfd0 .functor OR 1, L_000001e75619d850, L_000001e75619c430, C4<0>, C4<0>;
L_000001e75619d3f0 .functor NOT 1, L_000001e75622bc60, C4<0>, C4<0>, C4<0>;
L_000001e75619c040 .functor NOT 1, L_000001e75622c700, C4<0>, C4<0>, C4<0>;
L_000001e75619c0b0 .functor AND 1, L_000001e75619d3f0, L_000001e75619c040, C4<1>, C4<1>;
L_000001e75619c580 .functor AND 1, L_000001e75619c0b0, L_000001e75622ca20, C4<1>, C4<1>;
L_000001e75619c350 .functor NOT 1, L_000001e75622c480, C4<0>, C4<0>, C4<0>;
L_000001e75619d460 .functor AND 1, L_000001e75619c580, L_000001e75619c350, C4<1>, C4<1>;
L_000001e75619c4a0 .functor OR 1, L_000001e75619bfd0, L_000001e75619d460, C4<0>, C4<0>;
L_000001e75619c510 .functor AND 1, L_000001e75622bc60, L_000001e75622c700, C4<1>, C4<1>;
L_000001e75619c5f0 .functor NOT 1, L_000001e75622c480, C4<0>, C4<0>, C4<0>;
L_000001e75619d0e0 .functor AND 1, L_000001e75619c510, L_000001e75619c5f0, C4<1>, C4<1>;
L_000001e75619c660 .functor OR 1, L_000001e75619c4a0, L_000001e75619d0e0, C4<0>, C4<0>;
L_000001e75619c6d0 .functor NOT 1, L_000001e75622b300, C4<0>, C4<0>, C4<0>;
L_000001e75619d230 .functor AND 1, L_000001e75622bc60, L_000001e75619c6d0, C4<1>, C4<1>;
L_000001e75619c7b0 .functor NOT 1, L_000001e75622c480, C4<0>, C4<0>, C4<0>;
L_000001e75619cf90 .functor AND 1, L_000001e75619d230, L_000001e75619c7b0, C4<1>, C4<1>;
L_000001e75619d4d0 .functor OR 1, L_000001e75619c660, L_000001e75619cf90, C4<0>, C4<0>;
L_000001e75619c820 .functor NOT 1, L_000001e75622c700, C4<0>, C4<0>, C4<0>;
L_000001e75619c890 .functor AND 1, L_000001e75622bc60, L_000001e75619c820, C4<1>, C4<1>;
L_000001e75619cb30 .functor AND 1, L_000001e75619c890, L_000001e75622ca20, C4<1>, C4<1>;
L_000001e75619cba0 .functor AND 1, L_000001e75619cb30, L_000001e75622c480, C4<1>, C4<1>;
L_000001e75619cc10 .functor OR 1, L_000001e75619d4d0, L_000001e75619cba0, C4<0>, C4<0>;
L_000001e75619ccf0 .functor NOT 1, L_000001e75622bc60, C4<0>, C4<0>, C4<0>;
L_000001e75619ceb0 .functor AND 1, L_000001e75619ccf0, L_000001e75622c700, C4<1>, C4<1>;
L_000001e75619cd60 .functor AND 1, L_000001e75619ceb0, L_000001e75622ca20, C4<1>, C4<1>;
L_000001e75619cf20 .functor NOT 1, L_000001e75622bc60, C4<0>, C4<0>, C4<0>;
L_000001e75619d000 .functor NOT 1, L_000001e75622b300, C4<0>, C4<0>, C4<0>;
L_000001e75619d070 .functor AND 1, L_000001e75619cf20, L_000001e75619d000, C4<1>, C4<1>;
L_000001e75619dbd0 .functor AND 1, L_000001e75619d070, L_000001e75622ca20, C4<1>, C4<1>;
L_000001e75619dc40 .functor OR 1, L_000001e75619cd60, L_000001e75619dbd0, C4<0>, C4<0>;
L_000001e75619da10 .functor NOT 1, L_000001e75622b300, C4<0>, C4<0>, C4<0>;
L_000001e75619da80 .functor AND 1, L_000001e75619da10, L_000001e75622c700, C4<1>, C4<1>;
L_000001e75619dcb0 .functor AND 1, L_000001e75619da80, L_000001e75622ca20, C4<1>, C4<1>;
L_000001e75619db60 .functor OR 1, L_000001e75619dc40, L_000001e75619dcb0, C4<0>, C4<0>;
L_000001e75619daf0 .functor NOT 1, L_000001e75622c700, C4<0>, C4<0>, C4<0>;
L_000001e75619dd20 .functor NOT 1, L_000001e75622ca20, C4<0>, C4<0>, C4<0>;
L_000001e7562312f0 .functor AND 1, L_000001e75619daf0, L_000001e75619dd20, C4<1>, C4<1>;
L_000001e756231520 .functor AND 1, L_000001e7562312f0, L_000001e75622c480, C4<1>, C4<1>;
L_000001e7562309c0 .functor OR 1, L_000001e75619db60, L_000001e756231520, C4<0>, C4<0>;
L_000001e756231590 .functor NOT 1, L_000001e75622b300, C4<0>, C4<0>, C4<0>;
L_000001e756231c20 .functor AND 1, L_000001e75622bc60, L_000001e756231590, C4<1>, C4<1>;
L_000001e756231c90 .functor AND 1, L_000001e756231c20, L_000001e75622c700, C4<1>, C4<1>;
L_000001e756231980 .functor NOT 1, L_000001e75622c480, C4<0>, C4<0>, C4<0>;
L_000001e756231130 .functor AND 1, L_000001e756231c90, L_000001e756231980, C4<1>, C4<1>;
L_000001e756231600 .functor OR 1, L_000001e7562309c0, L_000001e756231130, C4<0>, C4<0>;
L_000001e756231210 .functor AND 1, L_000001e75622bc60, L_000001e75622b300, C4<1>, C4<1>;
L_000001e756231830 .functor NOT 1, L_000001e75622c700, C4<0>, C4<0>, C4<0>;
L_000001e756231f30 .functor AND 1, L_000001e756231210, L_000001e756231830, C4<1>, C4<1>;
L_000001e756231280 .functor AND 1, L_000001e756231f30, L_000001e75622ca20, C4<1>, C4<1>;
L_000001e756230b80 .functor OR 1, L_000001e756231600, L_000001e756231280, C4<0>, C4<0>;
L_000001e756232080 .functor NOT 1, L_000001e75622c700, C4<0>, C4<0>, C4<0>;
L_000001e756232390 .functor AND 1, L_000001e75622bc60, L_000001e756232080, C4<1>, C4<1>;
L_000001e756231de0 .functor AND 1, L_000001e756232390, L_000001e75622ca20, C4<1>, C4<1>;
L_000001e756230a30 .functor NOT 1, L_000001e75622c480, C4<0>, C4<0>, C4<0>;
L_000001e756231d70 .functor AND 1, L_000001e756231de0, L_000001e756230a30, C4<1>, C4<1>;
L_000001e756230aa0 .functor OR 1, L_000001e756230b80, L_000001e756231d70, C4<0>, C4<0>;
L_000001e756232160 .functor NOT 1, L_000001e75622b300, C4<0>, C4<0>, C4<0>;
L_000001e7562317c0 .functor AND 1, L_000001e756232160, L_000001e75622c700, C4<1>, C4<1>;
L_000001e756231ad0 .functor NOT 1, L_000001e75622ca20, C4<0>, C4<0>, C4<0>;
L_000001e756230f00 .functor AND 1, L_000001e7562317c0, L_000001e756231ad0, C4<1>, C4<1>;
L_000001e756231670 .functor AND 1, L_000001e756230f00, L_000001e75622c480, C4<1>, C4<1>;
L_000001e756231440 .functor AND 1, L_000001e75622b300, L_000001e75622c700, C4<1>, C4<1>;
L_000001e7562316e0 .functor AND 1, L_000001e756231440, L_000001e75622ca20, C4<1>, C4<1>;
L_000001e756232010 .functor AND 1, L_000001e7562316e0, L_000001e75622c480, C4<1>, C4<1>;
L_000001e756231d00 .functor OR 1, L_000001e756231670, L_000001e756232010, C4<0>, C4<0>;
L_000001e756230b10 .functor NOT 1, L_000001e75622b300, C4<0>, C4<0>, C4<0>;
L_000001e756231fa0 .functor AND 1, L_000001e756230b10, L_000001e75622c700, C4<1>, C4<1>;
L_000001e756231750 .functor AND 1, L_000001e756231fa0, L_000001e75622ca20, C4<1>, C4<1>;
L_000001e7562320f0 .functor AND 1, L_000001e756231750, L_000001e75622c480, C4<1>, C4<1>;
L_000001e7562321d0 .functor OR 1, L_000001e756231d00, L_000001e7562320f0, C4<0>, C4<0>;
L_000001e7562318a0 .functor NOT 1, L_000001e75622bc60, C4<0>, C4<0>, C4<0>;
L_000001e756231e50 .functor AND 1, L_000001e7562318a0, L_000001e75622b300, C4<1>, C4<1>;
L_000001e756231360 .functor NOT 1, L_000001e75622c700, C4<0>, C4<0>, C4<0>;
L_000001e756232240 .functor AND 1, L_000001e756231e50, L_000001e756231360, C4<1>, C4<1>;
L_000001e756232400 .functor NOT 1, L_000001e75622ca20, C4<0>, C4<0>, C4<0>;
L_000001e7562310c0 .functor AND 1, L_000001e756232240, L_000001e756232400, C4<1>, C4<1>;
L_000001e756232550 .functor OR 1, L_000001e7562321d0, L_000001e7562310c0, C4<0>, C4<0>;
L_000001e756230bf0 .functor NOT 1, L_000001e75622bc60, C4<0>, C4<0>, C4<0>;
L_000001e756231ec0 .functor NOT 1, L_000001e75622c700, C4<0>, C4<0>, C4<0>;
L_000001e7562319f0 .functor AND 1, L_000001e756230bf0, L_000001e756231ec0, C4<1>, C4<1>;
L_000001e756230c60 .functor NOT 1, L_000001e75622ca20, C4<0>, C4<0>, C4<0>;
L_000001e7562313d0 .functor AND 1, L_000001e7562319f0, L_000001e756230c60, C4<1>, C4<1>;
L_000001e756231910 .functor NOT 1, L_000001e75622c480, C4<0>, C4<0>, C4<0>;
L_000001e756230cd0 .functor AND 1, L_000001e7562313d0, L_000001e756231910, C4<1>, C4<1>;
L_000001e756231a60 .functor OR 1, L_000001e756232550, L_000001e756230cd0, C4<0>, C4<0>;
L_000001e756231b40 .functor NOT 1, L_000001e75622bc60, C4<0>, C4<0>, C4<0>;
L_000001e7562322b0 .functor NOT 1, L_000001e75622b300, C4<0>, C4<0>, C4<0>;
L_000001e756231bb0 .functor AND 1, L_000001e756231b40, L_000001e7562322b0, C4<1>, C4<1>;
L_000001e7562314b0 .functor NOT 1, L_000001e75622c700, C4<0>, C4<0>, C4<0>;
L_000001e756230fe0 .functor AND 1, L_000001e756231bb0, L_000001e7562314b0, C4<1>, C4<1>;
L_000001e756232320 .functor AND 1, L_000001e756230fe0, L_000001e75622ca20, C4<1>, C4<1>;
L_000001e756232470 .functor AND 1, L_000001e756232320, L_000001e75622c480, C4<1>, C4<1>;
L_000001e7562324e0 .functor OR 1, L_000001e756231a60, L_000001e756232470, C4<0>, C4<0>;
L_000001e756230d40 .functor AND 1, L_000001e75622bc60, L_000001e75622b300, C4<1>, C4<1>;
L_000001e756230db0 .functor NOT 1, L_000001e75622ca20, C4<0>, C4<0>, C4<0>;
L_000001e756230e20 .functor AND 1, L_000001e756230d40, L_000001e756230db0, C4<1>, C4<1>;
L_000001e756230e90 .functor NOT 1, L_000001e75622c480, C4<0>, C4<0>, C4<0>;
L_000001e756230f70 .functor AND 1, L_000001e756230e20, L_000001e756230e90, C4<1>, C4<1>;
L_000001e756231050 .functor OR 1, L_000001e7562324e0, L_000001e756230f70, C4<0>, C4<0>;
L_000001e7562311a0 .functor AND 1, L_000001e75622bc60, L_000001e75622c700, C4<1>, C4<1>;
L_000001e756232710 .functor AND 1, L_000001e7562311a0, L_000001e75622ca20, C4<1>, C4<1>;
L_000001e7562326a0 .functor NOT 1, L_000001e75622c480, C4<0>, C4<0>, C4<0>;
L_000001e756232860 .functor AND 1, L_000001e756232710, L_000001e7562326a0, C4<1>, C4<1>;
L_000001e7562325c0 .functor OR 1, L_000001e756231050, L_000001e756232860, C4<0>, C4<0>;
L_000001e756232780 .functor NOT 1, L_000001e75622b300, C4<0>, C4<0>, C4<0>;
L_000001e7562327f0 .functor AND 1, L_000001e75622bc60, L_000001e756232780, C4<1>, C4<1>;
L_000001e7562328d0 .functor NOT 1, L_000001e75622ca20, C4<0>, C4<0>, C4<0>;
L_000001e756232630 .functor AND 1, L_000001e7562327f0, L_000001e7562328d0, C4<1>, C4<1>;
L_000001e756237a90 .functor AND 1, L_000001e756232630, L_000001e75622c480, C4<1>, C4<1>;
L_000001e7562370f0 .functor OR 1, L_000001e7562325c0, L_000001e756237a90, C4<0>, C4<0>;
L_000001e756238740 .functor NOT 1, L_000001e75622ca20, C4<0>, C4<0>, C4<0>;
L_000001e756237320 .functor AND 1, L_000001e75622bc60, L_000001e756238740, C4<1>, C4<1>;
L_000001e7562374e0 .functor AND 1, L_000001e756237320, L_000001e75622c480, C4<1>, C4<1>;
L_000001e756238660 .functor NOT 1, L_000001e75622c700, C4<0>, C4<0>, C4<0>;
L_000001e756237390 .functor AND 1, L_000001e75622bc60, L_000001e756238660, C4<1>, C4<1>;
L_000001e756237f60 .functor AND 1, L_000001e756237390, L_000001e75622ca20, C4<1>, C4<1>;
L_000001e756237e10 .functor AND 1, L_000001e756237f60, L_000001e75622c480, C4<1>, C4<1>;
L_000001e756237e80 .functor OR 1, L_000001e7562374e0, L_000001e756237e10, C4<0>, C4<0>;
L_000001e756237010 .functor AND 1, L_000001e75622b300, L_000001e75622c700, C4<1>, C4<1>;
L_000001e756238820 .functor NOT 1, L_000001e75622ca20, C4<0>, C4<0>, C4<0>;
L_000001e7562371d0 .functor AND 1, L_000001e756237010, L_000001e756238820, C4<1>, C4<1>;
L_000001e756237400 .functor AND 1, L_000001e7562371d0, L_000001e75622c480, C4<1>, C4<1>;
L_000001e7562386d0 .functor OR 1, L_000001e756237e80, L_000001e756237400, C4<0>, C4<0>;
L_000001e756238510 .functor AND 1, L_000001e75622b300, L_000001e75622c700, C4<1>, C4<1>;
L_000001e756237d30 .functor AND 1, L_000001e756238510, L_000001e75622ca20, C4<1>, C4<1>;
L_000001e756237710 .functor NOT 1, L_000001e75622c480, C4<0>, C4<0>, C4<0>;
L_000001e756237470 .functor AND 1, L_000001e756237d30, L_000001e756237710, C4<1>, C4<1>;
L_000001e756236d00 .functor OR 1, L_000001e7562386d0, L_000001e756237470, C4<0>, C4<0>;
L_000001e756237da0 .functor NOT 1, L_000001e75622b300, C4<0>, C4<0>, C4<0>;
L_000001e756237c50 .functor NOT 1, L_000001e75622c700, C4<0>, C4<0>, C4<0>;
L_000001e7562383c0 .functor AND 1, L_000001e756237da0, L_000001e756237c50, C4<1>, C4<1>;
L_000001e756237780 .functor AND 1, L_000001e7562383c0, L_000001e75622ca20, C4<1>, C4<1>;
L_000001e756238580 .functor NOT 1, L_000001e75622c480, C4<0>, C4<0>, C4<0>;
L_000001e756237b70 .functor AND 1, L_000001e756237780, L_000001e756238580, C4<1>, C4<1>;
L_000001e756236d70 .functor OR 1, L_000001e756236d00, L_000001e756237b70, C4<0>, C4<0>;
L_000001e7562378d0 .functor NOT 1, L_000001e75622bc60, C4<0>, C4<0>, C4<0>;
L_000001e7562387b0 .functor NOT 1, L_000001e75622b300, C4<0>, C4<0>, C4<0>;
L_000001e756236c90 .functor AND 1, L_000001e7562378d0, L_000001e7562387b0, C4<1>, C4<1>;
L_000001e7562376a0 .functor AND 1, L_000001e756236c90, L_000001e75622c700, C4<1>, C4<1>;
L_000001e7562377f0 .functor AND 1, L_000001e7562376a0, L_000001e75622ca20, C4<1>, C4<1>;
L_000001e756237550 .functor AND 1, L_000001e7562377f0, L_000001e75622c480, C4<1>, C4<1>;
L_000001e756237fd0 .functor OR 1, L_000001e756236d70, L_000001e756237550, C4<0>, C4<0>;
L_000001e756238190 .functor NOT 1, L_000001e75622bc60, C4<0>, C4<0>, C4<0>;
L_000001e756236de0 .functor NOT 1, L_000001e75622b300, C4<0>, C4<0>, C4<0>;
L_000001e756238040 .functor AND 1, L_000001e756238190, L_000001e756236de0, C4<1>, C4<1>;
L_000001e7562385f0 .functor NOT 1, L_000001e75622ca20, C4<0>, C4<0>, C4<0>;
L_000001e756236e50 .functor AND 1, L_000001e756238040, L_000001e7562385f0, C4<1>, C4<1>;
L_000001e756237be0 .functor NOT 1, L_000001e75622c480, C4<0>, C4<0>, C4<0>;
L_000001e756237240 .functor AND 1, L_000001e756236e50, L_000001e756237be0, C4<1>, C4<1>;
L_000001e756237160 .functor OR 1, L_000001e756237fd0, L_000001e756237240, C4<0>, C4<0>;
L_000001e756236ec0 .functor NOT 1, L_000001e75622c700, C4<0>, C4<0>, C4<0>;
L_000001e756236f30 .functor NOT 1, L_000001e75622bc60, C4<0>, C4<0>, C4<0>;
L_000001e756237ef0 .functor AND 1, L_000001e756236ec0, L_000001e756236f30, C4<1>, C4<1>;
L_000001e756237860 .functor NOT 1, L_000001e75622ca20, C4<0>, C4<0>, C4<0>;
L_000001e7562382e0 .functor AND 1, L_000001e756237ef0, L_000001e756237860, C4<1>, C4<1>;
L_000001e756238350 .functor NOT 1, L_000001e75622bc60, C4<0>, C4<0>, C4<0>;
L_000001e756237940 .functor NOT 1, L_000001e75622ca20, C4<0>, C4<0>, C4<0>;
L_000001e7562380b0 .functor AND 1, L_000001e756238350, L_000001e756237940, C4<1>, C4<1>;
L_000001e7562375c0 .functor NOT 1, L_000001e75622c480, C4<0>, C4<0>, C4<0>;
L_000001e756236fa0 .functor AND 1, L_000001e7562380b0, L_000001e7562375c0, C4<1>, C4<1>;
L_000001e7562379b0 .functor OR 1, L_000001e7562382e0, L_000001e756236fa0, C4<0>, C4<0>;
L_000001e756237080 .functor NOT 1, L_000001e75622b300, C4<0>, C4<0>, C4<0>;
L_000001e756238270 .functor AND 1, L_000001e756237080, L_000001e75622c700, C4<1>, C4<1>;
L_000001e756238200 .functor AND 1, L_000001e756238270, L_000001e75622ca20, C4<1>, C4<1>;
L_000001e7562372b0 .functor NOT 1, L_000001e75622c480, C4<0>, C4<0>, C4<0>;
L_000001e756237630 .functor AND 1, L_000001e756238200, L_000001e7562372b0, C4<1>, C4<1>;
L_000001e756237a20 .functor OR 1, L_000001e7562379b0, L_000001e756237630, C4<0>, C4<0>;
L_000001e756237b00 .functor NOT 1, L_000001e75622c700, C4<0>, C4<0>, C4<0>;
L_000001e756237cc0 .functor AND 1, L_000001e756237b00, L_000001e75622bc60, C4<1>, C4<1>;
L_000001e756238120 .functor AND 1, L_000001e756237cc0, L_000001e75622ca20, C4<1>, C4<1>;
L_000001e756238430 .functor NOT 1, L_000001e75622c480, C4<0>, C4<0>, C4<0>;
L_000001e7562384a0 .functor AND 1, L_000001e756238120, L_000001e756238430, C4<1>, C4<1>;
L_000001e756238890 .functor OR 1, L_000001e756237a20, L_000001e7562384a0, C4<0>, C4<0>;
L_000001e756238ba0 .functor NOT 1, L_000001e75622bc60, C4<0>, C4<0>, C4<0>;
L_000001e756238ac0 .functor AND 1, L_000001e75622b300, L_000001e756238ba0, C4<1>, C4<1>;
L_000001e756238b30 .functor AND 1, L_000001e756238ac0, L_000001e75622ca20, C4<1>, C4<1>;
L_000001e756238900 .functor AND 1, L_000001e756238b30, L_000001e75622c480, C4<1>, C4<1>;
L_000001e756238970 .functor OR 1, L_000001e756238890, L_000001e756238900, C4<0>, C4<0>;
L_000001e7562389e0 .functor NOT 1, L_000001e75622b300, C4<0>, C4<0>, C4<0>;
L_000001e756238a50 .functor AND 1, L_000001e7562389e0, L_000001e75622bc60, C4<1>, C4<1>;
L_000001e75623b060 .functor AND 1, L_000001e756238a50, L_000001e75622c480, C4<1>, C4<1>;
L_000001e75623af80 .functor OR 1, L_000001e756238970, L_000001e75623b060, C4<0>, C4<0>;
L_000001e75623b0d0 .functor NOT 1, L_000001e75622ca20, C4<0>, C4<0>, C4<0>;
L_000001e75623b1b0 .functor AND 1, L_000001e75622bc60, L_000001e75623b0d0, C4<1>, C4<1>;
L_000001e75623b140 .functor AND 1, L_000001e75623b1b0, L_000001e75622c480, C4<1>, C4<1>;
L_000001e75623aff0 .functor OR 1, L_000001e75623af80, L_000001e75623b140, C4<0>, C4<0>;
L_000001e75623aea0 .functor NOT 1, L_000001e75622b300, C4<0>, C4<0>, C4<0>;
L_000001e75623af10 .functor NOT 1, L_000001e75622c700, C4<0>, C4<0>, C4<0>;
L_000001e75623aa40 .functor AND 1, L_000001e75623aea0, L_000001e75623af10, C4<1>, C4<1>;
L_000001e756239930 .functor NOT 1, L_000001e75622bc60, C4<0>, C4<0>, C4<0>;
L_000001e75623a9d0 .functor AND 1, L_000001e75623aa40, L_000001e756239930, C4<1>, C4<1>;
L_000001e75623ac70 .functor NOT 1, L_000001e75622bc60, C4<0>, C4<0>, C4<0>;
L_000001e7562399a0 .functor NOT 1, L_000001e75622ca20, C4<0>, C4<0>, C4<0>;
L_000001e75623ace0 .functor AND 1, L_000001e75623ac70, L_000001e7562399a0, C4<1>, C4<1>;
L_000001e75623a420 .functor NOT 1, L_000001e75622c480, C4<0>, C4<0>, C4<0>;
L_000001e75623a180 .functor AND 1, L_000001e75623ace0, L_000001e75623a420, C4<1>, C4<1>;
L_000001e75623aab0 .functor OR 1, L_000001e75623a9d0, L_000001e75623a180, C4<0>, C4<0>;
L_000001e75623ac00 .functor NOT 1, L_000001e75622b300, C4<0>, C4<0>, C4<0>;
L_000001e75623a7a0 .functor NOT 1, L_000001e75622bc60, C4<0>, C4<0>, C4<0>;
L_000001e756239a10 .functor AND 1, L_000001e75623ac00, L_000001e75623a7a0, C4<1>, C4<1>;
L_000001e75623a880 .functor NOT 1, L_000001e75622ca20, C4<0>, C4<0>, C4<0>;
L_000001e75623a340 .functor AND 1, L_000001e756239a10, L_000001e75623a880, C4<1>, C4<1>;
L_000001e75623a570 .functor OR 1, L_000001e75623aab0, L_000001e75623a340, C4<0>, C4<0>;
L_000001e75623a810 .functor AND 1, L_000001e75622b300, L_000001e75622c700, C4<1>, C4<1>;
L_000001e756239a80 .functor NOT 1, L_000001e75622bc60, C4<0>, C4<0>, C4<0>;
L_000001e75623a8f0 .functor AND 1, L_000001e75623a810, L_000001e756239a80, C4<1>, C4<1>;
L_000001e75623a3b0 .functor NOT 1, L_000001e75622c480, C4<0>, C4<0>, C4<0>;
L_000001e75623a1f0 .functor AND 1, L_000001e75623a8f0, L_000001e75623a3b0, C4<1>, C4<1>;
L_000001e756239d20 .functor OR 1, L_000001e75623a570, L_000001e75623a1f0, C4<0>, C4<0>;
L_000001e756239cb0 .functor AND 1, L_000001e75622c700, L_000001e75622bc60, C4<1>, C4<1>;
L_000001e756239af0 .functor AND 1, L_000001e756239cb0, L_000001e75622ca20, C4<1>, C4<1>;
L_000001e75623a490 .functor OR 1, L_000001e756239d20, L_000001e756239af0, C4<0>, C4<0>;
L_000001e75623a650 .functor NOT 1, L_000001e75622c700, C4<0>, C4<0>, C4<0>;
L_000001e756239d90 .functor AND 1, L_000001e75623a650, L_000001e75622bc60, C4<1>, C4<1>;
L_000001e756239460 .functor NOT 1, L_000001e75622ca20, C4<0>, C4<0>, C4<0>;
L_000001e75623ab90 .functor AND 1, L_000001e756239d90, L_000001e756239460, C4<1>, C4<1>;
L_000001e75623a110 .functor NOT 1, L_000001e75622c480, C4<0>, C4<0>, C4<0>;
L_000001e756239310 .functor AND 1, L_000001e75623ab90, L_000001e75623a110, C4<1>, C4<1>;
L_000001e756239ee0 .functor OR 1, L_000001e75623a490, L_000001e756239310, C4<0>, C4<0>;
L_000001e756239b60 .functor NOT 1, L_000001e75622c700, C4<0>, C4<0>, C4<0>;
L_000001e75623a500 .functor NOT 1, L_000001e75622bc60, C4<0>, C4<0>, C4<0>;
L_000001e75623ab20 .functor AND 1, L_000001e756239b60, L_000001e75623a500, C4<1>, C4<1>;
L_000001e75623a960 .functor AND 1, L_000001e75623ab20, L_000001e75622ca20, C4<1>, C4<1>;
L_000001e756239bd0 .functor AND 1, L_000001e75623a960, L_000001e75622c480, C4<1>, C4<1>;
L_000001e756239e70 .functor OR 1, L_000001e756239ee0, L_000001e756239bd0, C4<0>, C4<0>;
L_000001e75623a5e0 .functor AND 1, L_000001e75622c700, L_000001e75622bc60, C4<1>, C4<1>;
L_000001e756239690 .functor AND 1, L_000001e75623a5e0, L_000001e75622c480, C4<1>, C4<1>;
L_000001e7562392a0 .functor OR 1, L_000001e756239e70, L_000001e756239690, C4<0>, C4<0>;
L_000001e756239f50 .functor NOT 1, L_000001e75622b300, C4<0>, C4<0>, C4<0>;
L_000001e75623a730 .functor AND 1, L_000001e756239f50, L_000001e75622c700, C4<1>, C4<1>;
L_000001e756239c40 .functor NOT 1, L_000001e75622bc60, C4<0>, C4<0>, C4<0>;
L_000001e756239e00 .functor AND 1, L_000001e75623a730, L_000001e756239c40, C4<1>, C4<1>;
L_000001e75623ad50 .functor NOT 1, L_000001e75622b300, C4<0>, C4<0>, C4<0>;
L_000001e75623a6c0 .functor AND 1, L_000001e75623ad50, L_000001e75622c700, C4<1>, C4<1>;
L_000001e756239fc0 .functor NOT 1, L_000001e75622ca20, C4<0>, C4<0>, C4<0>;
L_000001e7562398c0 .functor AND 1, L_000001e75623a6c0, L_000001e756239fc0, C4<1>, C4<1>;
L_000001e75623adc0 .functor NOT 1, L_000001e75622c480, C4<0>, C4<0>, C4<0>;
L_000001e7562394d0 .functor AND 1, L_000001e7562398c0, L_000001e75623adc0, C4<1>, C4<1>;
L_000001e75623ae30 .functor OR 1, L_000001e756239e00, L_000001e7562394d0, C4<0>, C4<0>;
L_000001e756239380 .functor NOT 1, L_000001e75622bc60, C4<0>, C4<0>, C4<0>;
L_000001e75623a260 .functor AND 1, L_000001e75622c700, L_000001e756239380, C4<1>, C4<1>;
L_000001e75623a030 .functor NOT 1, L_000001e75622ca20, C4<0>, C4<0>, C4<0>;
L_000001e7562393f0 .functor AND 1, L_000001e75623a260, L_000001e75623a030, C4<1>, C4<1>;
L_000001e756239540 .functor OR 1, L_000001e75623ae30, L_000001e7562393f0, C4<0>, C4<0>;
L_000001e7562397e0 .functor AND 1, L_000001e75622b300, L_000001e75622bc60, C4<1>, C4<1>;
L_000001e7562395b0 .functor AND 1, L_000001e7562397e0, L_000001e75622ca20, C4<1>, C4<1>;
L_000001e756239620 .functor OR 1, L_000001e756239540, L_000001e7562395b0, C4<0>, C4<0>;
L_000001e75623a0a0 .functor AND 1, L_000001e75622b300, L_000001e75622bc60, C4<1>, C4<1>;
L_000001e75623a2d0 .functor AND 1, L_000001e75623a0a0, L_000001e75622c480, C4<1>, C4<1>;
L_000001e756239700 .functor OR 1, L_000001e756239620, L_000001e75623a2d0, C4<0>, C4<0>;
L_000001e756239850 .functor NOT 1, L_000001e75622c700, C4<0>, C4<0>, C4<0>;
L_000001e756239770 .functor AND 1, L_000001e75622b300, L_000001e756239850, C4<1>, C4<1>;
L_000001e756242020 .functor AND 1, L_000001e756239770, L_000001e75622bc60, C4<1>, C4<1>;
L_000001e7562433d0 .functor OR 1, L_000001e756239700, L_000001e756242020, C4<0>, C4<0>;
L_000001e7562430c0 .functor NOT 1, L_000001e75622c700, C4<0>, C4<0>, C4<0>;
L_000001e756242480 .functor AND 1, L_000001e75622b300, L_000001e7562430c0, C4<1>, C4<1>;
L_000001e756243520 .functor AND 1, L_000001e756242480, L_000001e75622ca20, C4<1>, C4<1>;
L_000001e756242410 .functor AND 1, L_000001e756243520, L_000001e75622c480, C4<1>, C4<1>;
L_000001e7562434b0 .functor OR 1, L_000001e7562433d0, L_000001e756242410, C4<0>, C4<0>;
L_000001e7562424f0 .functor AND 1, L_000001e75622b300, L_000001e75622c700, C4<1>, C4<1>;
L_000001e756242c60 .functor NOT 1, L_000001e75622bc60, C4<0>, C4<0>, C4<0>;
L_000001e756241f40 .functor AND 1, L_000001e7562424f0, L_000001e756242c60, C4<1>, C4<1>;
L_000001e756243910 .functor NOT 1, L_000001e75622bc60, C4<0>, C4<0>, C4<0>;
L_000001e7562422c0 .functor AND 1, L_000001e75622b300, L_000001e756243910, C4<1>, C4<1>;
L_000001e7562436e0 .functor NOT 1, L_000001e75622c480, C4<0>, C4<0>, C4<0>;
L_000001e756242e90 .functor AND 1, L_000001e7562422c0, L_000001e7562436e0, C4<1>, C4<1>;
L_000001e756243130 .functor OR 1, L_000001e756241f40, L_000001e756242e90, C4<0>, C4<0>;
L_000001e756243750 .functor NOT 1, L_000001e75622bc60, C4<0>, C4<0>, C4<0>;
L_000001e7562437c0 .functor AND 1, L_000001e75622b300, L_000001e756243750, C4<1>, C4<1>;
L_000001e756241fb0 .functor NOT 1, L_000001e75622ca20, C4<0>, C4<0>, C4<0>;
L_000001e756242bf0 .functor AND 1, L_000001e7562437c0, L_000001e756241fb0, C4<1>, C4<1>;
L_000001e756243830 .functor OR 1, L_000001e756243130, L_000001e756242bf0, C4<0>, C4<0>;
L_000001e7562431a0 .functor AND 1, L_000001e75622b300, L_000001e75622c700, C4<1>, C4<1>;
L_000001e756242560 .functor NOT 1, L_000001e75622ca20, C4<0>, C4<0>, C4<0>;
L_000001e756242db0 .functor AND 1, L_000001e7562431a0, L_000001e756242560, C4<1>, C4<1>;
L_000001e756243280 .functor NOT 1, L_000001e75622c480, C4<0>, C4<0>, C4<0>;
L_000001e756243210 .functor AND 1, L_000001e756242db0, L_000001e756243280, C4<1>, C4<1>;
L_000001e756242640 .functor OR 1, L_000001e756243830, L_000001e756243210, C4<0>, C4<0>;
L_000001e756241370 .functor NOT 1, L_000001e75622cac0, C4<0>, C4<0>, C4<0>;
L_000001e756240c70 .functor AND 1, L_000001e756241370, L_000001e756227fc0, C4<1>, C4<1>;
L_000001e756241610 .functor AND 1, L_000001e75622cac0, L_000001e756226940, C4<1>, C4<1>;
L_000001e756240f80 .functor OR 1, L_000001e756240c70, L_000001e756241610, C4<0>, C4<0>;
L_000001e7562408f0 .functor NOT 1, L_000001e75622cac0, C4<0>, C4<0>, C4<0>;
L_000001e7562413e0 .functor AND 1, L_000001e7562408f0, L_000001e756227200, C4<1>, C4<1>;
L_000001e756240960 .functor AND 1, L_000001e75622cac0, L_000001e7562268a0, C4<1>, C4<1>;
L_000001e756240c00 .functor OR 1, L_000001e7562413e0, L_000001e756240960, C4<0>, C4<0>;
L_000001e7562402d0 .functor NOT 1, L_000001e75622cac0, C4<0>, C4<0>, C4<0>;
L_000001e756240180 .functor AND 1, L_000001e7562402d0, L_000001e756226580, C4<1>, C4<1>;
L_000001e756241680 .functor AND 1, L_000001e75622cac0, L_000001e756226bc0, C4<1>, C4<1>;
L_000001e7562409d0 .functor OR 1, L_000001e756240180, L_000001e756241680, C4<0>, C4<0>;
L_000001e756240d50 .functor NOT 1, L_000001e75622cac0, C4<0>, C4<0>, C4<0>;
L_000001e7562415a0 .functor AND 1, L_000001e756240d50, L_000001e756225ea0, C4<1>, C4<1>;
L_000001e7562407a0 .functor AND 1, L_000001e75622cac0, L_000001e756225c20, C4<1>, C4<1>;
L_000001e756240dc0 .functor OR 1, L_000001e7562415a0, L_000001e7562407a0, C4<0>, C4<0>;
L_000001e7562416f0 .functor NOT 1, L_000001e75622cac0, C4<0>, C4<0>, C4<0>;
L_000001e756241450 .functor AND 1, L_000001e7562416f0, L_000001e756225f40, C4<1>, C4<1>;
L_000001e756241060 .functor AND 1, L_000001e75622cac0, L_000001e7562269e0, C4<1>, C4<1>;
L_000001e756240a40 .functor OR 1, L_000001e756241450, L_000001e756241060, C4<0>, C4<0>;
L_000001e7562411b0 .functor NOT 1, L_000001e75622cac0, C4<0>, C4<0>, C4<0>;
L_000001e756240ab0 .functor AND 1, L_000001e7562411b0, L_000001e756225cc0, C4<1>, C4<1>;
L_000001e756240e30 .functor AND 1, L_000001e75622cac0, L_000001e756228060, C4<1>, C4<1>;
L_000001e756240ea0 .functor OR 1, L_000001e756240ab0, L_000001e756240e30, C4<0>, C4<0>;
L_000001e7562414c0 .functor NOT 1, L_000001e75622cac0, C4<0>, C4<0>, C4<0>;
L_000001e756241530 .functor AND 1, L_000001e7562414c0, L_000001e756226080, C4<1>, C4<1>;
L_000001e756240f10 .functor AND 1, L_000001e75622cac0, L_000001e7562261c0, C4<1>, C4<1>;
L_000001e756240490 .functor OR 1, L_000001e756241530, L_000001e756240f10, C4<0>, C4<0>;
L_000001e756240b20 .functor NOT 1, L_000001e75622cac0, C4<0>, C4<0>, C4<0>;
L_000001e756240810 .functor AND 1, L_000001e756240b20, L_000001e756228100, C4<1>, C4<1>;
L_000001e756241760 .functor AND 1, L_000001e75622cac0, L_000001e756225b80, C4<1>, C4<1>;
L_000001e7562417d0 .functor OR 1, L_000001e756240810, L_000001e756241760, C4<0>, C4<0>;
L_000001e756240ff0 .functor BUFZ 8, L_000001e756227980, C4<00000000>, C4<00000000>, C4<00000000>;
v000001e756217920_0 .net "G", 0 0, L_000001e75622cac0;  1 drivers
v000001e7562177e0_0 .net "M0", 0 0, L_000001e75622cb60;  1 drivers
v000001e756219360_0 .net "M1", 0 0, L_000001e75622ae00;  1 drivers
v000001e756217ce0_0 .net "T1", 7 0, L_000001e75622cc00;  1 drivers
v000001e756217880_0 .net "T1_shifted", 7 0, L_000001e75622b4e0;  1 drivers
v000001e7562179c0_0 .net "T1_woman", 7 0, L_000001e756225e00;  1 drivers
v000001e7562194a0_0 .net "T2", 7 0, L_000001e756227980;  1 drivers
v000001e7562181e0_0 .net "T3", 7 0, L_000001e756297210;  1 drivers
v000001e756219860_0 .net *"_ivl_100", 0 0, L_000001e75619da10;  1 drivers
v000001e756217a60_0 .net *"_ivl_102", 0 0, L_000001e75619da80;  1 drivers
v000001e756217b00_0 .net *"_ivl_104", 0 0, L_000001e75619dcb0;  1 drivers
v000001e756218aa0_0 .net *"_ivl_106", 0 0, L_000001e75619db60;  1 drivers
v000001e756218b40_0 .net *"_ivl_108", 0 0, L_000001e75619daf0;  1 drivers
v000001e756217e20_0 .net *"_ivl_110", 0 0, L_000001e75619dd20;  1 drivers
v000001e756217ec0_0 .net *"_ivl_112", 0 0, L_000001e7562312f0;  1 drivers
v000001e75621a1c0_0 .net *"_ivl_114", 0 0, L_000001e756231520;  1 drivers
v000001e75621a620_0 .net *"_ivl_116", 0 0, L_000001e7562309c0;  1 drivers
v000001e75621a800_0 .net *"_ivl_118", 0 0, L_000001e756231590;  1 drivers
v000001e75621abc0_0 .net *"_ivl_120", 0 0, L_000001e756231c20;  1 drivers
v000001e75621a300_0 .net *"_ivl_122", 0 0, L_000001e756231c90;  1 drivers
v000001e756219c20_0 .net *"_ivl_124", 0 0, L_000001e756231980;  1 drivers
v000001e75621af80_0 .net *"_ivl_126", 0 0, L_000001e756231130;  1 drivers
v000001e75621a4e0_0 .net *"_ivl_128", 0 0, L_000001e756231600;  1 drivers
v000001e756219fe0_0 .net *"_ivl_130", 0 0, L_000001e756231210;  1 drivers
v000001e75621aee0_0 .net *"_ivl_132", 0 0, L_000001e756231830;  1 drivers
v000001e75621ac60_0 .net *"_ivl_134", 0 0, L_000001e756231f30;  1 drivers
v000001e75621a8a0_0 .net *"_ivl_136", 0 0, L_000001e756231280;  1 drivers
v000001e75621a260_0 .net *"_ivl_138", 0 0, L_000001e756230b80;  1 drivers
v000001e75621ada0_0 .net *"_ivl_140", 0 0, L_000001e756232080;  1 drivers
v000001e756219e00_0 .net *"_ivl_142", 0 0, L_000001e756232390;  1 drivers
v000001e75621a580_0 .net *"_ivl_144", 0 0, L_000001e756231de0;  1 drivers
v000001e75621a120_0 .net *"_ivl_146", 0 0, L_000001e756230a30;  1 drivers
v000001e75621a440_0 .net *"_ivl_148", 0 0, L_000001e756231d70;  1 drivers
v000001e75621b160_0 .net *"_ivl_150", 0 0, L_000001e756230aa0;  1 drivers
v000001e75621a6c0_0 .net *"_ivl_154", 0 0, L_000001e756232160;  1 drivers
v000001e75621ae40_0 .net *"_ivl_156", 0 0, L_000001e7562317c0;  1 drivers
v000001e75621a9e0_0 .net *"_ivl_158", 0 0, L_000001e756231ad0;  1 drivers
v000001e75621b020_0 .net *"_ivl_160", 0 0, L_000001e756230f00;  1 drivers
v000001e75621a940_0 .net *"_ivl_162", 0 0, L_000001e756231670;  1 drivers
v000001e75621b0c0_0 .net *"_ivl_164", 0 0, L_000001e756231440;  1 drivers
v000001e75621ad00_0 .net *"_ivl_166", 0 0, L_000001e7562316e0;  1 drivers
v000001e75621b200_0 .net *"_ivl_168", 0 0, L_000001e756232010;  1 drivers
v000001e75621b2a0_0 .net *"_ivl_170", 0 0, L_000001e756231d00;  1 drivers
v000001e75621aa80_0 .net *"_ivl_172", 0 0, L_000001e756230b10;  1 drivers
v000001e75621ab20_0 .net *"_ivl_174", 0 0, L_000001e756231fa0;  1 drivers
v000001e756219cc0_0 .net *"_ivl_176", 0 0, L_000001e756231750;  1 drivers
v000001e756219ea0_0 .net *"_ivl_178", 0 0, L_000001e7562320f0;  1 drivers
v000001e756219f40_0 .net *"_ivl_18", 0 0, L_000001e75619d620;  1 drivers
v000001e756219d60_0 .net *"_ivl_180", 0 0, L_000001e7562321d0;  1 drivers
v000001e75621a080_0 .net *"_ivl_182", 0 0, L_000001e7562318a0;  1 drivers
v000001e75621a3a0_0 .net *"_ivl_184", 0 0, L_000001e756231e50;  1 drivers
v000001e75621a760_0 .net *"_ivl_186", 0 0, L_000001e756231360;  1 drivers
v000001e756223480_0 .net *"_ivl_188", 0 0, L_000001e756232240;  1 drivers
v000001e756223840_0 .net *"_ivl_190", 0 0, L_000001e756232400;  1 drivers
v000001e756223160_0 .net *"_ivl_192", 0 0, L_000001e7562310c0;  1 drivers
v000001e756223660_0 .net *"_ivl_194", 0 0, L_000001e756232550;  1 drivers
v000001e756223700_0 .net *"_ivl_196", 0 0, L_000001e756230bf0;  1 drivers
v000001e7562237a0_0 .net *"_ivl_198", 0 0, L_000001e756231ec0;  1 drivers
v000001e7562232a0_0 .net *"_ivl_20", 0 0, L_000001e75619cc80;  1 drivers
v000001e7562233e0_0 .net *"_ivl_200", 0 0, L_000001e7562319f0;  1 drivers
v000001e756223520_0 .net *"_ivl_202", 0 0, L_000001e756230c60;  1 drivers
v000001e7562235c0_0 .net *"_ivl_204", 0 0, L_000001e7562313d0;  1 drivers
v000001e756223200_0 .net *"_ivl_206", 0 0, L_000001e756231910;  1 drivers
v000001e756223340_0 .net *"_ivl_208", 0 0, L_000001e756230cd0;  1 drivers
v000001e75621cfe0_0 .net *"_ivl_210", 0 0, L_000001e756231a60;  1 drivers
v000001e75621c400_0 .net *"_ivl_212", 0 0, L_000001e756231b40;  1 drivers
v000001e75621cb80_0 .net *"_ivl_214", 0 0, L_000001e7562322b0;  1 drivers
v000001e75621d6c0_0 .net *"_ivl_216", 0 0, L_000001e756231bb0;  1 drivers
v000001e75621d080_0 .net *"_ivl_218", 0 0, L_000001e7562314b0;  1 drivers
v000001e75621d120_0 .net *"_ivl_22", 0 0, L_000001e75619c2e0;  1 drivers
v000001e75621d800_0 .net *"_ivl_220", 0 0, L_000001e756230fe0;  1 drivers
v000001e75621df80_0 .net *"_ivl_222", 0 0, L_000001e756232320;  1 drivers
v000001e75621cc20_0 .net *"_ivl_224", 0 0, L_000001e756232470;  1 drivers
v000001e75621d260_0 .net *"_ivl_226", 0 0, L_000001e7562324e0;  1 drivers
v000001e75621d940_0 .net *"_ivl_228", 0 0, L_000001e756230d40;  1 drivers
v000001e75621bf00_0 .net *"_ivl_230", 0 0, L_000001e756230db0;  1 drivers
v000001e75621be60_0 .net *"_ivl_232", 0 0, L_000001e756230e20;  1 drivers
v000001e75621d1c0_0 .net *"_ivl_234", 0 0, L_000001e756230e90;  1 drivers
v000001e75621dda0_0 .net *"_ivl_236", 0 0, L_000001e756230f70;  1 drivers
v000001e75621d760_0 .net *"_ivl_238", 0 0, L_000001e756231050;  1 drivers
v000001e75621c2c0_0 .net *"_ivl_24", 0 0, L_000001e75619d150;  1 drivers
v000001e75621d8a0_0 .net *"_ivl_240", 0 0, L_000001e7562311a0;  1 drivers
v000001e75621c4a0_0 .net *"_ivl_242", 0 0, L_000001e756232710;  1 drivers
v000001e75621dc60_0 .net *"_ivl_244", 0 0, L_000001e7562326a0;  1 drivers
v000001e75621db20_0 .net *"_ivl_246", 0 0, L_000001e756232860;  1 drivers
v000001e75621c360_0 .net *"_ivl_248", 0 0, L_000001e7562325c0;  1 drivers
v000001e75621dbc0_0 .net *"_ivl_250", 0 0, L_000001e756232780;  1 drivers
v000001e75621c7c0_0 .net *"_ivl_252", 0 0, L_000001e7562327f0;  1 drivers
v000001e75621ba00_0 .net *"_ivl_254", 0 0, L_000001e7562328d0;  1 drivers
v000001e75621c0e0_0 .net *"_ivl_256", 0 0, L_000001e756232630;  1 drivers
v000001e75621d300_0 .net *"_ivl_258", 0 0, L_000001e756237a90;  1 drivers
v000001e75621b960_0 .net *"_ivl_26", 0 0, L_000001e75619d7e0;  1 drivers
v000001e75621d440_0 .net *"_ivl_260", 0 0, L_000001e7562370f0;  1 drivers
v000001e75621de40_0 .net *"_ivl_264", 0 0, L_000001e756238740;  1 drivers
v000001e75621dee0_0 .net *"_ivl_266", 0 0, L_000001e756237320;  1 drivers
v000001e75621d4e0_0 .net *"_ivl_268", 0 0, L_000001e7562374e0;  1 drivers
v000001e75621ccc0_0 .net *"_ivl_270", 0 0, L_000001e756238660;  1 drivers
v000001e75621e020_0 .net *"_ivl_272", 0 0, L_000001e756237390;  1 drivers
v000001e75621d9e0_0 .net *"_ivl_274", 0 0, L_000001e756237f60;  1 drivers
v000001e75621ca40_0 .net *"_ivl_276", 0 0, L_000001e756237e10;  1 drivers
v000001e75621e0c0_0 .net *"_ivl_278", 0 0, L_000001e756237e80;  1 drivers
v000001e75621baa0_0 .net *"_ivl_28", 0 0, L_000001e75619d850;  1 drivers
v000001e75621d3a0_0 .net *"_ivl_280", 0 0, L_000001e756237010;  1 drivers
v000001e75621d580_0 .net *"_ivl_282", 0 0, L_000001e756238820;  1 drivers
v000001e75621d620_0 .net *"_ivl_284", 0 0, L_000001e7562371d0;  1 drivers
v000001e75621bfa0_0 .net *"_ivl_286", 0 0, L_000001e756237400;  1 drivers
v000001e75621c5e0_0 .net *"_ivl_288", 0 0, L_000001e7562386d0;  1 drivers
v000001e75621c540_0 .net *"_ivl_290", 0 0, L_000001e756238510;  1 drivers
v000001e75621cae0_0 .net *"_ivl_292", 0 0, L_000001e756237d30;  1 drivers
v000001e75621c680_0 .net *"_ivl_294", 0 0, L_000001e756237710;  1 drivers
v000001e75621bb40_0 .net *"_ivl_296", 0 0, L_000001e756237470;  1 drivers
v000001e75621da80_0 .net *"_ivl_298", 0 0, L_000001e756236d00;  1 drivers
v000001e75621c720_0 .net *"_ivl_30", 0 0, L_000001e75619d700;  1 drivers
v000001e75621cd60_0 .net *"_ivl_300", 0 0, L_000001e756237da0;  1 drivers
v000001e75621dd00_0 .net *"_ivl_302", 0 0, L_000001e756237c50;  1 drivers
v000001e75621bbe0_0 .net *"_ivl_304", 0 0, L_000001e7562383c0;  1 drivers
v000001e75621bc80_0 .net *"_ivl_306", 0 0, L_000001e756237780;  1 drivers
v000001e75621bd20_0 .net *"_ivl_308", 0 0, L_000001e756238580;  1 drivers
v000001e75621bdc0_0 .net *"_ivl_310", 0 0, L_000001e756237b70;  1 drivers
v000001e75621c040_0 .net *"_ivl_312", 0 0, L_000001e756236d70;  1 drivers
v000001e75621ce00_0 .net *"_ivl_314", 0 0, L_000001e7562378d0;  1 drivers
v000001e75621c900_0 .net *"_ivl_316", 0 0, L_000001e7562387b0;  1 drivers
v000001e75621c180_0 .net *"_ivl_318", 0 0, L_000001e756236c90;  1 drivers
v000001e75621c220_0 .net *"_ivl_32", 0 0, L_000001e75619d2a0;  1 drivers
v000001e75621c860_0 .net *"_ivl_320", 0 0, L_000001e7562376a0;  1 drivers
v000001e75621c9a0_0 .net *"_ivl_322", 0 0, L_000001e7562377f0;  1 drivers
v000001e75621cea0_0 .net *"_ivl_324", 0 0, L_000001e756237550;  1 drivers
v000001e75621cf40_0 .net *"_ivl_326", 0 0, L_000001e756237fd0;  1 drivers
v000001e75621e980_0 .net *"_ivl_328", 0 0, L_000001e756238190;  1 drivers
v000001e75621e160_0 .net *"_ivl_330", 0 0, L_000001e756236de0;  1 drivers
v000001e75621f880_0 .net *"_ivl_332", 0 0, L_000001e756238040;  1 drivers
v000001e75621e660_0 .net *"_ivl_334", 0 0, L_000001e7562385f0;  1 drivers
v000001e756220780_0 .net *"_ivl_336", 0 0, L_000001e756236e50;  1 drivers
v000001e75621f9c0_0 .net *"_ivl_338", 0 0, L_000001e756237be0;  1 drivers
v000001e75621e8e0_0 .net *"_ivl_34", 0 0, L_000001e75619d770;  1 drivers
v000001e756220820_0 .net *"_ivl_340", 0 0, L_000001e756237240;  1 drivers
v000001e75621f240_0 .net *"_ivl_342", 0 0, L_000001e756237160;  1 drivers
v000001e75621f060_0 .net *"_ivl_346", 0 0, L_000001e756236ec0;  1 drivers
v000001e75621f380_0 .net *"_ivl_348", 0 0, L_000001e756236f30;  1 drivers
v000001e75621f100_0 .net *"_ivl_350", 0 0, L_000001e756237ef0;  1 drivers
v000001e75621fa60_0 .net *"_ivl_352", 0 0, L_000001e756237860;  1 drivers
v000001e75621e2a0_0 .net *"_ivl_354", 0 0, L_000001e7562382e0;  1 drivers
v000001e7562205a0_0 .net *"_ivl_356", 0 0, L_000001e756238350;  1 drivers
v000001e75621f920_0 .net *"_ivl_358", 0 0, L_000001e756237940;  1 drivers
v000001e7562208c0_0 .net *"_ivl_36", 0 0, L_000001e75619c430;  1 drivers
v000001e756220320_0 .net *"_ivl_360", 0 0, L_000001e7562380b0;  1 drivers
v000001e756220140_0 .net *"_ivl_362", 0 0, L_000001e7562375c0;  1 drivers
v000001e7562200a0_0 .net *"_ivl_364", 0 0, L_000001e756236fa0;  1 drivers
v000001e75621ee80_0 .net *"_ivl_366", 0 0, L_000001e7562379b0;  1 drivers
v000001e75621f600_0 .net *"_ivl_368", 0 0, L_000001e756237080;  1 drivers
v000001e75621fce0_0 .net *"_ivl_370", 0 0, L_000001e756238270;  1 drivers
v000001e75621ede0_0 .net *"_ivl_372", 0 0, L_000001e756238200;  1 drivers
v000001e75621e200_0 .net *"_ivl_374", 0 0, L_000001e7562372b0;  1 drivers
v000001e756220280_0 .net *"_ivl_376", 0 0, L_000001e756237630;  1 drivers
v000001e75621efc0_0 .net *"_ivl_378", 0 0, L_000001e756237a20;  1 drivers
v000001e75621e700_0 .net *"_ivl_38", 0 0, L_000001e75619bfd0;  1 drivers
v000001e75621f7e0_0 .net *"_ivl_380", 0 0, L_000001e756237b00;  1 drivers
v000001e75621ed40_0 .net *"_ivl_382", 0 0, L_000001e756237cc0;  1 drivers
v000001e75621e7a0_0 .net *"_ivl_384", 0 0, L_000001e756238120;  1 drivers
v000001e75621ef20_0 .net *"_ivl_386", 0 0, L_000001e756238430;  1 drivers
v000001e75621f4c0_0 .net *"_ivl_388", 0 0, L_000001e7562384a0;  1 drivers
v000001e75621fb00_0 .net *"_ivl_390", 0 0, L_000001e756238890;  1 drivers
v000001e75621fba0_0 .net *"_ivl_392", 0 0, L_000001e756238ba0;  1 drivers
v000001e75621e340_0 .net *"_ivl_394", 0 0, L_000001e756238ac0;  1 drivers
v000001e75621fc40_0 .net *"_ivl_396", 0 0, L_000001e756238b30;  1 drivers
v000001e7562201e0_0 .net *"_ivl_398", 0 0, L_000001e756238900;  1 drivers
v000001e75621e840_0 .net *"_ivl_40", 0 0, L_000001e75619d3f0;  1 drivers
v000001e75621ea20_0 .net *"_ivl_400", 0 0, L_000001e756238970;  1 drivers
v000001e75621fd80_0 .net *"_ivl_402", 0 0, L_000001e7562389e0;  1 drivers
v000001e756220640_0 .net *"_ivl_404", 0 0, L_000001e756238a50;  1 drivers
v000001e75621ff60_0 .net *"_ivl_406", 0 0, L_000001e75623b060;  1 drivers
v000001e75621eac0_0 .net *"_ivl_408", 0 0, L_000001e75623af80;  1 drivers
v000001e756220000_0 .net *"_ivl_410", 0 0, L_000001e75623b0d0;  1 drivers
v000001e75621ec00_0 .net *"_ivl_412", 0 0, L_000001e75623b1b0;  1 drivers
v000001e756220460_0 .net *"_ivl_414", 0 0, L_000001e75623b140;  1 drivers
v000001e7562203c0_0 .net *"_ivl_416", 0 0, L_000001e75623aff0;  1 drivers
v000001e75621eb60_0 .net *"_ivl_42", 0 0, L_000001e75619c040;  1 drivers
v000001e756220500_0 .net *"_ivl_420", 0 0, L_000001e75623aea0;  1 drivers
v000001e75621f1a0_0 .net *"_ivl_422", 0 0, L_000001e75623af10;  1 drivers
v000001e75621e3e0_0 .net *"_ivl_424", 0 0, L_000001e75623aa40;  1 drivers
v000001e75621eca0_0 .net *"_ivl_426", 0 0, L_000001e756239930;  1 drivers
v000001e75621fe20_0 .net *"_ivl_428", 0 0, L_000001e75623a9d0;  1 drivers
v000001e75621e480_0 .net *"_ivl_430", 0 0, L_000001e75623ac70;  1 drivers
v000001e75621fec0_0 .net *"_ivl_432", 0 0, L_000001e7562399a0;  1 drivers
v000001e7562206e0_0 .net *"_ivl_434", 0 0, L_000001e75623ace0;  1 drivers
v000001e75621e520_0 .net *"_ivl_436", 0 0, L_000001e75623a420;  1 drivers
v000001e75621e5c0_0 .net *"_ivl_438", 0 0, L_000001e75623a180;  1 drivers
v000001e75621f560_0 .net *"_ivl_44", 0 0, L_000001e75619c0b0;  1 drivers
v000001e75621f2e0_0 .net *"_ivl_440", 0 0, L_000001e75623aab0;  1 drivers
v000001e75621f420_0 .net *"_ivl_442", 0 0, L_000001e75623ac00;  1 drivers
v000001e75621f6a0_0 .net *"_ivl_444", 0 0, L_000001e75623a7a0;  1 drivers
v000001e75621f740_0 .net *"_ivl_446", 0 0, L_000001e756239a10;  1 drivers
v000001e756220960_0 .net *"_ivl_448", 0 0, L_000001e75623a880;  1 drivers
v000001e756222120_0 .net *"_ivl_450", 0 0, L_000001e75623a340;  1 drivers
v000001e7562223a0_0 .net *"_ivl_452", 0 0, L_000001e75623a570;  1 drivers
v000001e7562221c0_0 .net *"_ivl_454", 0 0, L_000001e75623a810;  1 drivers
v000001e756220fa0_0 .net *"_ivl_456", 0 0, L_000001e756239a80;  1 drivers
v000001e7562215e0_0 .net *"_ivl_458", 0 0, L_000001e75623a8f0;  1 drivers
v000001e756221400_0 .net *"_ivl_46", 0 0, L_000001e75619c580;  1 drivers
v000001e756221a40_0 .net *"_ivl_460", 0 0, L_000001e75623a3b0;  1 drivers
v000001e7562214a0_0 .net *"_ivl_462", 0 0, L_000001e75623a1f0;  1 drivers
v000001e756220aa0_0 .net *"_ivl_464", 0 0, L_000001e756239d20;  1 drivers
v000001e756221fe0_0 .net *"_ivl_466", 0 0, L_000001e756239cb0;  1 drivers
v000001e756221540_0 .net *"_ivl_468", 0 0, L_000001e756239af0;  1 drivers
v000001e756221b80_0 .net *"_ivl_470", 0 0, L_000001e75623a490;  1 drivers
v000001e7562226c0_0 .net *"_ivl_472", 0 0, L_000001e75623a650;  1 drivers
v000001e756222080_0 .net *"_ivl_474", 0 0, L_000001e756239d90;  1 drivers
v000001e756222260_0 .net *"_ivl_476", 0 0, L_000001e756239460;  1 drivers
v000001e756222800_0 .net *"_ivl_478", 0 0, L_000001e75623ab90;  1 drivers
v000001e756222f80_0 .net *"_ivl_48", 0 0, L_000001e75619c350;  1 drivers
v000001e756222620_0 .net *"_ivl_480", 0 0, L_000001e75623a110;  1 drivers
v000001e756221ae0_0 .net *"_ivl_482", 0 0, L_000001e756239310;  1 drivers
v000001e756221900_0 .net *"_ivl_484", 0 0, L_000001e756239ee0;  1 drivers
v000001e756222bc0_0 .net *"_ivl_486", 0 0, L_000001e756239b60;  1 drivers
v000001e756222760_0 .net *"_ivl_488", 0 0, L_000001e75623a500;  1 drivers
v000001e756222c60_0 .net *"_ivl_490", 0 0, L_000001e75623ab20;  1 drivers
v000001e756222da0_0 .net *"_ivl_492", 0 0, L_000001e75623a960;  1 drivers
v000001e7562219a0_0 .net *"_ivl_494", 0 0, L_000001e756239bd0;  1 drivers
v000001e756223020_0 .net *"_ivl_496", 0 0, L_000001e756239e70;  1 drivers
v000001e756221180_0 .net *"_ivl_498", 0 0, L_000001e75623a5e0;  1 drivers
v000001e756220a00_0 .net *"_ivl_50", 0 0, L_000001e75619d460;  1 drivers
v000001e756222300_0 .net *"_ivl_500", 0 0, L_000001e756239690;  1 drivers
v000001e756220e60_0 .net *"_ivl_502", 0 0, L_000001e7562392a0;  1 drivers
v000001e7562230c0_0 .net *"_ivl_506", 0 0, L_000001e756239f50;  1 drivers
v000001e756222440_0 .net *"_ivl_508", 0 0, L_000001e75623a730;  1 drivers
v000001e7562210e0_0 .net *"_ivl_510", 0 0, L_000001e756239c40;  1 drivers
v000001e756220b40_0 .net *"_ivl_512", 0 0, L_000001e756239e00;  1 drivers
v000001e756221c20_0 .net *"_ivl_514", 0 0, L_000001e75623ad50;  1 drivers
v000001e756221860_0 .net *"_ivl_516", 0 0, L_000001e75623a6c0;  1 drivers
v000001e756221cc0_0 .net *"_ivl_518", 0 0, L_000001e756239fc0;  1 drivers
v000001e756221d60_0 .net *"_ivl_52", 0 0, L_000001e75619c4a0;  1 drivers
v000001e7562224e0_0 .net *"_ivl_520", 0 0, L_000001e7562398c0;  1 drivers
v000001e756220be0_0 .net *"_ivl_522", 0 0, L_000001e75623adc0;  1 drivers
v000001e756222e40_0 .net *"_ivl_524", 0 0, L_000001e7562394d0;  1 drivers
v000001e756222580_0 .net *"_ivl_526", 0 0, L_000001e75623ae30;  1 drivers
v000001e756220c80_0 .net *"_ivl_528", 0 0, L_000001e756239380;  1 drivers
v000001e756222b20_0 .net *"_ivl_530", 0 0, L_000001e75623a260;  1 drivers
v000001e756222940_0 .net *"_ivl_532", 0 0, L_000001e75623a030;  1 drivers
v000001e7562228a0_0 .net *"_ivl_534", 0 0, L_000001e7562393f0;  1 drivers
v000001e756221680_0 .net *"_ivl_536", 0 0, L_000001e756239540;  1 drivers
v000001e756221e00_0 .net *"_ivl_538", 0 0, L_000001e7562397e0;  1 drivers
v000001e7562229e0_0 .net *"_ivl_54", 0 0, L_000001e75619c510;  1 drivers
v000001e756222ee0_0 .net *"_ivl_540", 0 0, L_000001e7562395b0;  1 drivers
v000001e756222a80_0 .net *"_ivl_542", 0 0, L_000001e756239620;  1 drivers
v000001e756222d00_0 .net *"_ivl_544", 0 0, L_000001e75623a0a0;  1 drivers
v000001e756220d20_0 .net *"_ivl_546", 0 0, L_000001e75623a2d0;  1 drivers
v000001e756220dc0_0 .net *"_ivl_548", 0 0, L_000001e756239700;  1 drivers
v000001e756220f00_0 .net *"_ivl_550", 0 0, L_000001e756239850;  1 drivers
v000001e756221040_0 .net *"_ivl_552", 0 0, L_000001e756239770;  1 drivers
v000001e756221220_0 .net *"_ivl_554", 0 0, L_000001e756242020;  1 drivers
v000001e756221720_0 .net *"_ivl_556", 0 0, L_000001e7562433d0;  1 drivers
v000001e7562217c0_0 .net *"_ivl_558", 0 0, L_000001e7562430c0;  1 drivers
v000001e7562212c0_0 .net *"_ivl_56", 0 0, L_000001e75619c5f0;  1 drivers
v000001e756221360_0 .net *"_ivl_560", 0 0, L_000001e756242480;  1 drivers
v000001e756221ea0_0 .net *"_ivl_562", 0 0, L_000001e756243520;  1 drivers
v000001e756221f40_0 .net *"_ivl_564", 0 0, L_000001e756242410;  1 drivers
v000001e756229820_0 .net *"_ivl_566", 0 0, L_000001e7562434b0;  1 drivers
v000001e756229e60_0 .net *"_ivl_571", 0 0, L_000001e7562424f0;  1 drivers
v000001e756229c80_0 .net *"_ivl_573", 0 0, L_000001e756242c60;  1 drivers
v000001e75622a5e0_0 .net *"_ivl_575", 0 0, L_000001e756241f40;  1 drivers
v000001e756229a00_0 .net *"_ivl_577", 0 0, L_000001e756243910;  1 drivers
v000001e7562298c0_0 .net *"_ivl_579", 0 0, L_000001e7562422c0;  1 drivers
v000001e75622a2c0_0 .net *"_ivl_58", 0 0, L_000001e75619d0e0;  1 drivers
v000001e756228420_0 .net *"_ivl_581", 0 0, L_000001e7562436e0;  1 drivers
v000001e7562284c0_0 .net *"_ivl_583", 0 0, L_000001e756242e90;  1 drivers
v000001e75622a540_0 .net *"_ivl_585", 0 0, L_000001e756243130;  1 drivers
v000001e7562296e0_0 .net *"_ivl_587", 0 0, L_000001e756243750;  1 drivers
v000001e7562289c0_0 .net *"_ivl_589", 0 0, L_000001e7562437c0;  1 drivers
v000001e756229f00_0 .net *"_ivl_591", 0 0, L_000001e756241fb0;  1 drivers
v000001e756229dc0_0 .net *"_ivl_593", 0 0, L_000001e756242bf0;  1 drivers
v000001e756229d20_0 .net *"_ivl_595", 0 0, L_000001e756243830;  1 drivers
v000001e756228c40_0 .net *"_ivl_597", 0 0, L_000001e7562431a0;  1 drivers
v000001e756229960_0 .net *"_ivl_599", 0 0, L_000001e756242560;  1 drivers
v000001e7562282e0_0 .net *"_ivl_60", 0 0, L_000001e75619c660;  1 drivers
v000001e75622a680_0 .net *"_ivl_601", 0 0, L_000001e756242db0;  1 drivers
v000001e756228880_0 .net *"_ivl_603", 0 0, L_000001e756243280;  1 drivers
v000001e7562281a0_0 .net *"_ivl_605", 0 0, L_000001e756243210;  1 drivers
v000001e756229fa0_0 .net *"_ivl_607", 0 0, L_000001e756242640;  1 drivers
L_000001e7562492c8 .functor BUFT 1, C4<000>, C4<0>, C4<0>, C4<0>;
v000001e756229aa0_0 .net/2u *"_ivl_609", 2 0, L_000001e7562492c8;  1 drivers
v000001e75622a4a0_0 .net *"_ivl_612", 4 0, L_000001e75622b440;  1 drivers
L_000001e756249310 .functor BUFT 1, C4<0>, C4<0>, C4<0>, C4<0>;
v000001e756229be0_0 .net/2s *"_ivl_617", 0 0, L_000001e756249310;  1 drivers
v000001e756228d80_0 .net *"_ivl_62", 0 0, L_000001e75619c6d0;  1 drivers
v000001e75622a900_0 .net *"_ivl_64", 0 0, L_000001e75619d230;  1 drivers
v000001e756228380_0 .net *"_ivl_66", 0 0, L_000001e75619c7b0;  1 drivers
v000001e7562291e0_0 .net *"_ivl_68", 0 0, L_000001e75619cf90;  1 drivers
v000001e7562286a0_0 .net *"_ivl_70", 0 0, L_000001e75619d4d0;  1 drivers
v000001e75622a0e0_0 .net *"_ivl_703", 0 0, L_000001e756241370;  1 drivers
v000001e756229640_0 .net *"_ivl_706", 0 0, L_000001e756227fc0;  1 drivers
v000001e75622a040_0 .net *"_ivl_707", 0 0, L_000001e756240c70;  1 drivers
v000001e756229b40_0 .net *"_ivl_710", 0 0, L_000001e756226940;  1 drivers
v000001e75622a180_0 .net *"_ivl_711", 0 0, L_000001e756241610;  1 drivers
v000001e756228560_0 .net *"_ivl_713", 0 0, L_000001e756240f80;  1 drivers
v000001e756228a60_0 .net *"_ivl_717", 0 0, L_000001e7562408f0;  1 drivers
v000001e756229140_0 .net *"_ivl_72", 0 0, L_000001e75619c820;  1 drivers
v000001e756229320_0 .net *"_ivl_720", 0 0, L_000001e756227200;  1 drivers
v000001e75622a220_0 .net *"_ivl_721", 0 0, L_000001e7562413e0;  1 drivers
v000001e75622a360_0 .net *"_ivl_724", 0 0, L_000001e7562268a0;  1 drivers
v000001e756229500_0 .net *"_ivl_725", 0 0, L_000001e756240960;  1 drivers
v000001e756229280_0 .net *"_ivl_727", 0 0, L_000001e756240c00;  1 drivers
v000001e75622a720_0 .net *"_ivl_731", 0 0, L_000001e7562402d0;  1 drivers
v000001e756228e20_0 .net *"_ivl_734", 0 0, L_000001e756226580;  1 drivers
v000001e75622a400_0 .net *"_ivl_735", 0 0, L_000001e756240180;  1 drivers
v000001e7562295a0_0 .net *"_ivl_738", 0 0, L_000001e756226bc0;  1 drivers
v000001e75622a7c0_0 .net *"_ivl_739", 0 0, L_000001e756241680;  1 drivers
v000001e756229780_0 .net *"_ivl_74", 0 0, L_000001e75619c890;  1 drivers
v000001e75622a860_0 .net *"_ivl_741", 0 0, L_000001e7562409d0;  1 drivers
v000001e7562293c0_0 .net *"_ivl_745", 0 0, L_000001e756240d50;  1 drivers
v000001e756228240_0 .net *"_ivl_748", 0 0, L_000001e756225ea0;  1 drivers
v000001e756228ce0_0 .net *"_ivl_749", 0 0, L_000001e7562415a0;  1 drivers
v000001e756228600_0 .net *"_ivl_752", 0 0, L_000001e756225c20;  1 drivers
v000001e756228ba0_0 .net *"_ivl_753", 0 0, L_000001e7562407a0;  1 drivers
v000001e756228740_0 .net *"_ivl_755", 0 0, L_000001e756240dc0;  1 drivers
v000001e7562287e0_0 .net *"_ivl_759", 0 0, L_000001e7562416f0;  1 drivers
v000001e756229460_0 .net *"_ivl_76", 0 0, L_000001e75619cb30;  1 drivers
v000001e756228920_0 .net *"_ivl_762", 0 0, L_000001e756225f40;  1 drivers
v000001e756228b00_0 .net *"_ivl_763", 0 0, L_000001e756241450;  1 drivers
v000001e756228ec0_0 .net *"_ivl_766", 0 0, L_000001e7562269e0;  1 drivers
v000001e756228f60_0 .net *"_ivl_767", 0 0, L_000001e756241060;  1 drivers
v000001e756229000_0 .net *"_ivl_769", 0 0, L_000001e756240a40;  1 drivers
v000001e7562290a0_0 .net *"_ivl_773", 0 0, L_000001e7562411b0;  1 drivers
v000001e75622ab80_0 .net *"_ivl_776", 0 0, L_000001e756225cc0;  1 drivers
v000001e75622aea0_0 .net *"_ivl_777", 0 0, L_000001e756240ab0;  1 drivers
v000001e75622b120_0 .net *"_ivl_78", 0 0, L_000001e75619cba0;  1 drivers
v000001e75622c520_0 .net *"_ivl_780", 0 0, L_000001e756228060;  1 drivers
v000001e75622c5c0_0 .net *"_ivl_781", 0 0, L_000001e756240e30;  1 drivers
v000001e75622ce80_0 .net *"_ivl_783", 0 0, L_000001e756240ea0;  1 drivers
v000001e75622b3a0_0 .net *"_ivl_787", 0 0, L_000001e7562414c0;  1 drivers
v000001e75622c0c0_0 .net *"_ivl_790", 0 0, L_000001e756226080;  1 drivers
v000001e75622aae0_0 .net *"_ivl_791", 0 0, L_000001e756241530;  1 drivers
v000001e75622cd40_0 .net *"_ivl_794", 0 0, L_000001e7562261c0;  1 drivers
v000001e75622b080_0 .net *"_ivl_795", 0 0, L_000001e756240f10;  1 drivers
v000001e75622a9a0_0 .net *"_ivl_797", 0 0, L_000001e756240490;  1 drivers
v000001e75622c7a0_0 .net *"_ivl_80", 0 0, L_000001e75619cc10;  1 drivers
v000001e75622c020_0 .net *"_ivl_802", 0 0, L_000001e756240b20;  1 drivers
v000001e75622cca0_0 .net *"_ivl_805", 0 0, L_000001e756228100;  1 drivers
v000001e75622c3e0_0 .net *"_ivl_806", 0 0, L_000001e756240810;  1 drivers
v000001e75622b580_0 .net *"_ivl_809", 0 0, L_000001e756225b80;  1 drivers
v000001e75622d100_0 .net *"_ivl_810", 0 0, L_000001e756241760;  1 drivers
v000001e75622ac20_0 .net *"_ivl_812", 0 0, L_000001e7562417d0;  1 drivers
L_000001e756249358 .functor BUFT 1, C4<0>, C4<0>, C4<0>, C4<0>;
v000001e75622b9e0_0 .net/2u *"_ivl_816", 0 0, L_000001e756249358;  1 drivers
v000001e75622af40_0 .net *"_ivl_819", 6 0, L_000001e7562263a0;  1 drivers
L_000001e7562493a0 .functor BUFT 1, C4<00>, C4<0>, C4<0>, C4<0>;
v000001e75622c8e0_0 .net/2u *"_ivl_822", 1 0, L_000001e7562493a0;  1 drivers
v000001e75622be40_0 .net *"_ivl_825", 5 0, L_000001e756227ac0;  1 drivers
L_000001e7562493e8 .functor BUFT 1, C4<000>, C4<0>, C4<0>, C4<0>;
v000001e75622c840_0 .net/2u *"_ivl_828", 2 0, L_000001e7562493e8;  1 drivers
v000001e75622c2a0_0 .net *"_ivl_831", 4 0, L_000001e756227de0;  1 drivers
v000001e75622c980_0 .net *"_ivl_84", 0 0, L_000001e75619ccf0;  1 drivers
v000001e75622acc0_0 .net *"_ivl_86", 0 0, L_000001e75619ceb0;  1 drivers
v000001e75622b260_0 .net *"_ivl_88", 0 0, L_000001e75619cd60;  1 drivers
v000001e75622b940_0 .net *"_ivl_90", 0 0, L_000001e75619cf20;  1 drivers
v000001e75622bb20_0 .net *"_ivl_92", 0 0, L_000001e75619d000;  1 drivers
v000001e75622c660_0 .net *"_ivl_94", 0 0, L_000001e75619d070;  1 drivers
v000001e75622c160_0 .net *"_ivl_96", 0 0, L_000001e75619dbd0;  1 drivers
v000001e75622bd00_0 .net *"_ivl_98", 0 0, L_000001e75619dc40;  1 drivers
v000001e75622ba80_0 .net "c0", 0 0, L_000001e75622c700;  1 drivers
v000001e75622bee0_0 .net "c1", 0 0, L_000001e75622b300;  1 drivers
v000001e75622aa40_0 .net "carry", 8 0, L_000001e756227c00;  1 drivers
o000001e7561c21f8 .functor BUFZ 8, C4<zzzzzzzz>; HiZ drive
v000001e75622c200_0 .net "input_bits", 7 0, o000001e7561c21f8;  0 drivers
v000001e75622afe0_0 .net "shift0", 7 0, L_000001e756240ff0;  1 drivers
v000001e75622cfc0_0 .net "shift1", 7 0, L_000001e756226760;  1 drivers
v000001e75622c340_0 .net "shift2", 7 0, L_000001e7562259a0;  1 drivers
v000001e75622b1c0_0 .net "shift3", 7 0, L_000001e756226620;  1 drivers
v000001e75622d060_0 .net "w0", 0 0, L_000001e75622c480;  1 drivers
v000001e75622bbc0_0 .net "w1", 0 0, L_000001e75622ca20;  1 drivers
v000001e75622ad60_0 .net "w2", 0 0, L_000001e75622bc60;  1 drivers
L_000001e75622bc60 .part o000001e7561c21f8, 7, 1;
L_000001e75622ca20 .part o000001e7561c21f8, 6, 1;
L_000001e75622c480 .part o000001e7561c21f8, 5, 1;
L_000001e75622b300 .part o000001e7561c21f8, 4, 1;
L_000001e75622c700 .part o000001e7561c21f8, 3, 1;
L_000001e75622ae00 .part o000001e7561c21f8, 2, 1;
L_000001e75622cb60 .part o000001e7561c21f8, 1, 1;
L_000001e75622cac0 .part o000001e7561c21f8, 0, 1;
LS_000001e75622cc00_0_0 .concat8 [ 1 1 1 1], L_000001e75619cc10, L_000001e756230aa0, L_000001e7562370f0, L_000001e756237160;
LS_000001e75622cc00_0_4 .concat8 [ 1 1 1 1], L_000001e75623aff0, L_000001e7562392a0, L_000001e7562434b0, L_000001e756242640;
L_000001e75622cc00 .concat8 [ 4 4 0 0], LS_000001e75622cc00_0_0, LS_000001e75622cc00_0_4;
L_000001e75622b440 .part L_000001e75622cc00, 3, 5;
L_000001e75622b4e0 .concat [ 5 3 0 0], L_000001e75622b440, L_000001e7562492c8;
L_000001e75622b620 .part L_000001e75622cc00, 0, 1;
L_000001e75622b6c0 .part L_000001e75622b4e0, 0, 1;
L_000001e75622bda0 .part L_000001e756227c00, 0, 1;
L_000001e75622cde0 .part L_000001e75622cc00, 1, 1;
L_000001e75622cf20 .part L_000001e75622b4e0, 1, 1;
L_000001e75622b760 .part L_000001e756227c00, 1, 1;
L_000001e75622b800 .part L_000001e75622cc00, 2, 1;
L_000001e75622b8a0 .part L_000001e75622b4e0, 2, 1;
L_000001e75622bf80 .part L_000001e756227c00, 2, 1;
L_000001e75622d4c0 .part L_000001e75622cc00, 3, 1;
L_000001e75622d6a0 .part L_000001e75622b4e0, 3, 1;
L_000001e75622d7e0 .part L_000001e756227c00, 3, 1;
L_000001e75622d740 .part L_000001e75622cc00, 4, 1;
L_000001e75622d380 .part L_000001e75622b4e0, 4, 1;
L_000001e75622d560 .part L_000001e756227c00, 4, 1;
L_000001e75622d880 .part L_000001e75622cc00, 5, 1;
L_000001e75622d600 .part L_000001e75622b4e0, 5, 1;
L_000001e75622d1a0 .part L_000001e756227c00, 5, 1;
L_000001e75622d240 .part L_000001e75622cc00, 6, 1;
L_000001e75622d2e0 .part L_000001e75622b4e0, 6, 1;
L_000001e75622d420 .part L_000001e756227c00, 6, 1;
L_000001e7562278e0 .part L_000001e75622cc00, 7, 1;
L_000001e7562264e0 .part L_000001e75622b4e0, 7, 1;
L_000001e756227840 .part L_000001e756227c00, 7, 1;
LS_000001e756225e00_0_0 .concat8 [ 1 1 1 1], L_000001e756242870, L_000001e756243600, L_000001e756243050, L_000001e756241e60;
LS_000001e756225e00_0_4 .concat8 [ 1 1 1 1], L_000001e756242a30, L_000001e7562421e0, L_000001e756243ec0, L_000001e756243a60;
L_000001e756225e00 .concat8 [ 4 4 0 0], LS_000001e756225e00_0_0, LS_000001e756225e00_0_4;
LS_000001e756227c00_0_0 .concat8 [ 1 1 1 1], L_000001e756249310, L_000001e7562438a0, L_000001e756242250, L_000001e756243440;
LS_000001e756227c00_0_4 .concat8 [ 1 1 1 1], L_000001e7562429c0, L_000001e756242fe0, L_000001e756243fa0, L_000001e756243b40;
LS_000001e756227c00_0_8 .concat8 [ 1 0 0 0], L_000001e756240ce0;
L_000001e756227c00 .concat8 [ 4 4 1 0], LS_000001e756227c00_0_0, LS_000001e756227c00_0_4, LS_000001e756227c00_0_8;
L_000001e756227fc0 .part L_000001e75622cc00, 0, 1;
L_000001e756226940 .part L_000001e756225e00, 0, 1;
L_000001e756227200 .part L_000001e75622cc00, 1, 1;
L_000001e7562268a0 .part L_000001e756225e00, 1, 1;
L_000001e756226580 .part L_000001e75622cc00, 2, 1;
L_000001e756226bc0 .part L_000001e756225e00, 2, 1;
L_000001e756225ea0 .part L_000001e75622cc00, 3, 1;
L_000001e756225c20 .part L_000001e756225e00, 3, 1;
L_000001e756225f40 .part L_000001e75622cc00, 4, 1;
L_000001e7562269e0 .part L_000001e756225e00, 4, 1;
L_000001e756225cc0 .part L_000001e75622cc00, 5, 1;
L_000001e756228060 .part L_000001e756225e00, 5, 1;
L_000001e756226080 .part L_000001e75622cc00, 6, 1;
L_000001e7562261c0 .part L_000001e756225e00, 6, 1;
LS_000001e756227980_0_0 .concat8 [ 1 1 1 1], L_000001e756240f80, L_000001e756240c00, L_000001e7562409d0, L_000001e756240dc0;
LS_000001e756227980_0_4 .concat8 [ 1 1 1 1], L_000001e756240a40, L_000001e756240ea0, L_000001e756240490, L_000001e7562417d0;
L_000001e756227980 .concat8 [ 4 4 0 0], LS_000001e756227980_0_0, LS_000001e756227980_0_4;
L_000001e756228100 .part L_000001e75622cc00, 7, 1;
L_000001e756225b80 .part L_000001e756225e00, 7, 1;
L_000001e7562263a0 .part L_000001e756227980, 1, 7;
L_000001e756226760 .concat [ 7 1 0 0], L_000001e7562263a0, L_000001e756249358;
L_000001e756227ac0 .part L_000001e756227980, 2, 6;
L_000001e7562259a0 .concat [ 6 2 0 0], L_000001e756227ac0, L_000001e7562493a0;
L_000001e756227de0 .part L_000001e756227980, 3, 5;
L_000001e756226620 .concat [ 5 3 0 0], L_000001e756227de0, L_000001e7562493e8;
L_000001e756226c60 .part L_000001e756240ff0, 0, 1;
L_000001e756227a20 .part L_000001e756226760, 0, 1;
L_000001e756225a40 .part L_000001e7562259a0, 0, 1;
L_000001e7562277a0 .part L_000001e756226620, 0, 1;
L_000001e756226e40 .concat [ 1 1 0 0], L_000001e75622cb60, L_000001e75622ae00;
L_000001e756226da0 .part L_000001e756240ff0, 1, 1;
L_000001e756227020 .part L_000001e756226760, 1, 1;
L_000001e756227160 .part L_000001e7562259a0, 1, 1;
L_000001e7562272a0 .part L_000001e756226620, 1, 1;
L_000001e756226120 .concat [ 1 1 0 0], L_000001e75622cb60, L_000001e75622ae00;
L_000001e756227520 .part L_000001e756240ff0, 2, 1;
L_000001e7562275c0 .part L_000001e756226760, 2, 1;
L_000001e756227700 .part L_000001e7562259a0, 2, 1;
L_000001e756225ae0 .part L_000001e756226620, 2, 1;
L_000001e756226300 .concat [ 1 1 0 0], L_000001e75622cb60, L_000001e75622ae00;
L_000001e7562966d0 .part L_000001e756240ff0, 3, 1;
L_000001e756297b70 .part L_000001e756226760, 3, 1;
L_000001e756297cb0 .part L_000001e7562259a0, 3, 1;
L_000001e756298250 .part L_000001e756226620, 3, 1;
L_000001e756298070 .concat [ 1 1 0 0], L_000001e75622cb60, L_000001e75622ae00;
L_000001e756295ff0 .part L_000001e756240ff0, 4, 1;
L_000001e7562970d0 .part L_000001e756226760, 4, 1;
L_000001e756296590 .part L_000001e7562259a0, 4, 1;
L_000001e756295e10 .part L_000001e756226620, 4, 1;
L_000001e756298430 .concat [ 1 1 0 0], L_000001e75622cb60, L_000001e75622ae00;
L_000001e756296d10 .part L_000001e756240ff0, 5, 1;
L_000001e756296e50 .part L_000001e756226760, 5, 1;
L_000001e756296630 .part L_000001e7562259a0, 5, 1;
L_000001e756297df0 .part L_000001e756226620, 5, 1;
L_000001e756297d50 .concat [ 1 1 0 0], L_000001e75622cb60, L_000001e75622ae00;
L_000001e756297350 .part L_000001e756240ff0, 6, 1;
L_000001e756297850 .part L_000001e756226760, 6, 1;
L_000001e7562981b0 .part L_000001e7562259a0, 6, 1;
L_000001e756297670 .part L_000001e756226620, 6, 1;
L_000001e756296450 .concat [ 1 1 0 0], L_000001e75622cb60, L_000001e75622ae00;
L_000001e7562982f0 .part L_000001e756240ff0, 7, 1;
L_000001e756297490 .part L_000001e756226760, 7, 1;
L_000001e756297030 .part L_000001e7562259a0, 7, 1;
L_000001e756297170 .part L_000001e756226620, 7, 1;
L_000001e7562984d0 .concat [ 1 1 0 0], L_000001e75622cb60, L_000001e75622ae00;
LS_000001e756297210_0_0 .concat8 [ 1 1 1 1], L_000001e756240260, L_000001e756240880, L_000001e756241ae0, L_000001e756240570;
LS_000001e756297210_0_4 .concat8 [ 1 1 1 1], L_000001e7562a1f50, L_000001e7562a3530, L_000001e7562a2ff0, L_000001e7562a2730;
L_000001e756297210 .concat8 [ 4 4 0 0], LS_000001e756297210_0_0, LS_000001e756297210_0_4;
S_000001e75611cc40 .scope module, "fa0" "full_adder" 2 31, 2 66 0, S_000001e75611cab0;
 .timescale 0 0;
    .port_info 0 /INPUT 1 "a";
    .port_info 1 /INPUT 1 "b";
    .port_info 2 /INPUT 1 "cin";
    .port_info 3 /OUTPUT 1 "sum";
    .port_info 4 /OUTPUT 1 "cout";
L_000001e756242cd0 .functor XOR 1, L_000001e75622b620, L_000001e75622b6c0, C4<0>, C4<0>;
L_000001e756242870 .functor XOR 1, L_000001e756242cd0, L_000001e75622bda0, C4<0>, C4<0>;
L_000001e7562425d0 .functor AND 1, L_000001e75622b620, L_000001e75622b6c0, C4<1>, C4<1>;
L_000001e756242090 .functor AND 1, L_000001e75622b620, L_000001e75622bda0, C4<1>, C4<1>;
L_000001e756242950 .functor OR 1, L_000001e7562425d0, L_000001e756242090, C4<0>, C4<0>;
L_000001e756243590 .functor AND 1, L_000001e75622b6c0, L_000001e75622bda0, C4<1>, C4<1>;
L_000001e7562438a0 .functor OR 1, L_000001e756242950, L_000001e756243590, C4<0>, C4<0>;
v000001e7561b6b10_0 .net *"_ivl_0", 0 0, L_000001e756242cd0;  1 drivers
v000001e7561b4db0_0 .net *"_ivl_10", 0 0, L_000001e756243590;  1 drivers
v000001e7561b69d0_0 .net *"_ivl_4", 0 0, L_000001e7562425d0;  1 drivers
v000001e7561b62f0_0 .net *"_ivl_6", 0 0, L_000001e756242090;  1 drivers
v000001e7561b5030_0 .net *"_ivl_8", 0 0, L_000001e756242950;  1 drivers
v000001e7561b6bb0_0 .net "a", 0 0, L_000001e75622b620;  1 drivers
v000001e7561b67f0_0 .net "b", 0 0, L_000001e75622b6c0;  1 drivers
v000001e7561b5c10_0 .net "cin", 0 0, L_000001e75622bda0;  1 drivers
v000001e7561b55d0_0 .net "cout", 0 0, L_000001e7562438a0;  1 drivers
v000001e7561b52b0_0 .net "sum", 0 0, L_000001e756242870;  1 drivers
S_000001e756119a10 .scope module, "fa1" "full_adder" 2 32, 2 66 0, S_000001e75611cab0;
 .timescale 0 0;
    .port_info 0 /INPUT 1 "a";
    .port_info 1 /INPUT 1 "b";
    .port_info 2 /INPUT 1 "cin";
    .port_info 3 /OUTPUT 1 "sum";
    .port_info 4 /OUTPUT 1 "cout";
L_000001e756243670 .functor XOR 1, L_000001e75622cde0, L_000001e75622cf20, C4<0>, C4<0>;
L_000001e756243600 .functor XOR 1, L_000001e756243670, L_000001e75622b760, C4<0>, C4<0>;
L_000001e7562432f0 .functor AND 1, L_000001e75622cde0, L_000001e75622cf20, C4<1>, C4<1>;
L_000001e756242f00 .functor AND 1, L_000001e75622cde0, L_000001e75622b760, C4<1>, C4<1>;
L_000001e756241df0 .functor OR 1, L_000001e7562432f0, L_000001e756242f00, C4<0>, C4<0>;
L_000001e7562426b0 .functor AND 1, L_000001e75622cf20, L_000001e75622b760, C4<1>, C4<1>;
L_000001e756242250 .functor OR 1, L_000001e756241df0, L_000001e7562426b0, C4<0>, C4<0>;
v000001e7561b4e50_0 .net *"_ivl_0", 0 0, L_000001e756243670;  1 drivers
v000001e7561b6a70_0 .net *"_ivl_10", 0 0, L_000001e7562426b0;  1 drivers
v000001e7561b46d0_0 .net *"_ivl_4", 0 0, L_000001e7562432f0;  1 drivers
v000001e7561b4770_0 .net *"_ivl_6", 0 0, L_000001e756242f00;  1 drivers
v000001e7561b4810_0 .net *"_ivl_8", 0 0, L_000001e756241df0;  1 drivers
v000001e7561b4ef0_0 .net "a", 0 0, L_000001e75622cde0;  1 drivers
v000001e7561b48b0_0 .net "b", 0 0, L_000001e75622cf20;  1 drivers
v000001e7561b5670_0 .net "cin", 0 0, L_000001e75622b760;  1 drivers
v000001e7561b6390_0 .net "cout", 0 0, L_000001e756242250;  1 drivers
v000001e7561b6250_0 .net "sum", 0 0, L_000001e756243600;  1 drivers
S_000001e756119ba0 .scope module, "fa2" "full_adder" 2 33, 2 66 0, S_000001e75611cab0;
 .timescale 0 0;
    .port_info 0 /INPUT 1 "a";
    .port_info 1 /INPUT 1 "b";
    .port_info 2 /INPUT 1 "cin";
    .port_info 3 /OUTPUT 1 "sum";
    .port_info 4 /OUTPUT 1 "cout";
L_000001e756242100 .functor XOR 1, L_000001e75622b800, L_000001e75622b8a0, C4<0>, C4<0>;
L_000001e756243050 .functor XOR 1, L_000001e756242100, L_000001e75622bf80, C4<0>, C4<0>;
L_000001e756242e20 .functor AND 1, L_000001e75622b800, L_000001e75622b8a0, C4<1>, C4<1>;
L_000001e756241d80 .functor AND 1, L_000001e75622b800, L_000001e75622bf80, C4<1>, C4<1>;
L_000001e756242720 .functor OR 1, L_000001e756242e20, L_000001e756241d80, C4<0>, C4<0>;
L_000001e756243360 .functor AND 1, L_000001e75622b8a0, L_000001e75622bf80, C4<1>, C4<1>;
L_000001e756243440 .functor OR 1, L_000001e756242720, L_000001e756243360, C4<0>, C4<0>;
v000001e7561b4950_0 .net *"_ivl_0", 0 0, L_000001e756242100;  1 drivers
v000001e7561b4b30_0 .net *"_ivl_10", 0 0, L_000001e756243360;  1 drivers
v000001e7561b64d0_0 .net *"_ivl_4", 0 0, L_000001e756242e20;  1 drivers
v000001e7561b5cb0_0 .net *"_ivl_6", 0 0, L_000001e756241d80;  1 drivers
v000001e7561b4a90_0 .net *"_ivl_8", 0 0, L_000001e756242720;  1 drivers
v000001e7561b4bd0_0 .net "a", 0 0, L_000001e75622b800;  1 drivers
v000001e7561b5350_0 .net "b", 0 0, L_000001e75622b8a0;  1 drivers
v000001e7561b53f0_0 .net "cin", 0 0, L_000001e75622bf80;  1 drivers
v000001e7561b5710_0 .net "cout", 0 0, L_000001e756243440;  1 drivers
v000001e7561b5d50_0 .net "sum", 0 0, L_000001e756243050;  1 drivers
S_000001e7560a66a0 .scope module, "fa3" "full_adder" 2 34, 2 66 0, S_000001e75611cab0;
 .timescale 0 0;
    .port_info 0 /INPUT 1 "a";
    .port_info 1 /INPUT 1 "b";
    .port_info 2 /INPUT 1 "cin";
    .port_info 3 /OUTPUT 1 "sum";
    .port_info 4 /OUTPUT 1 "cout";
L_000001e756242790 .functor XOR 1, L_000001e75622d4c0, L_000001e75622d6a0, C4<0>, C4<0>;
L_000001e756241e60 .functor XOR 1, L_000001e756242790, L_000001e75622d7e0, C4<0>, C4<0>;
L_000001e756242330 .functor AND 1, L_000001e75622d4c0, L_000001e75622d6a0, C4<1>, C4<1>;
L_000001e756242800 .functor AND 1, L_000001e75622d4c0, L_000001e75622d7e0, C4<1>, C4<1>;
L_000001e7562428e0 .functor OR 1, L_000001e756242330, L_000001e756242800, C4<0>, C4<0>;
L_000001e756242f70 .functor AND 1, L_000001e75622d6a0, L_000001e75622d7e0, C4<1>, C4<1>;
L_000001e7562429c0 .functor OR 1, L_000001e7562428e0, L_000001e756242f70, C4<0>, C4<0>;
v000001e7561b6570_0 .net *"_ivl_0", 0 0, L_000001e756242790;  1 drivers
v000001e7561b82d0_0 .net *"_ivl_10", 0 0, L_000001e756242f70;  1 drivers
v000001e7561b73d0_0 .net *"_ivl_4", 0 0, L_000001e756242330;  1 drivers
v000001e7561b6e30_0 .net *"_ivl_6", 0 0, L_000001e756242800;  1 drivers
v000001e7561b71f0_0 .net *"_ivl_8", 0 0, L_000001e7562428e0;  1 drivers
v000001e7561b7dd0_0 .net "a", 0 0, L_000001e75622d4c0;  1 drivers
v000001e7561b7a10_0 .net "b", 0 0, L_000001e75622d6a0;  1 drivers
v000001e7561b6ed0_0 .net "cin", 0 0, L_000001e75622d7e0;  1 drivers
v000001e7561b6cf0_0 .net "cout", 0 0, L_000001e7562429c0;  1 drivers
v000001e7561b6d90_0 .net "sum", 0 0, L_000001e756241e60;  1 drivers
S_000001e7560a6830 .scope module, "fa4" "full_adder" 2 35, 2 66 0, S_000001e75611cab0;
 .timescale 0 0;
    .port_info 0 /INPUT 1 "a";
    .port_info 1 /INPUT 1 "b";
    .port_info 2 /INPUT 1 "cin";
    .port_info 3 /OUTPUT 1 "sum";
    .port_info 4 /OUTPUT 1 "cout";
L_000001e7562423a0 .functor XOR 1, L_000001e75622d740, L_000001e75622d380, C4<0>, C4<0>;
L_000001e756242a30 .functor XOR 1, L_000001e7562423a0, L_000001e75622d560, C4<0>, C4<0>;
L_000001e756241ed0 .functor AND 1, L_000001e75622d740, L_000001e75622d380, C4<1>, C4<1>;
L_000001e756242b80 .functor AND 1, L_000001e75622d740, L_000001e75622d560, C4<1>, C4<1>;
L_000001e756242aa0 .functor OR 1, L_000001e756241ed0, L_000001e756242b80, C4<0>, C4<0>;
L_000001e756242b10 .functor AND 1, L_000001e75622d380, L_000001e75622d560, C4<1>, C4<1>;
L_000001e756242fe0 .functor OR 1, L_000001e756242aa0, L_000001e756242b10, C4<0>, C4<0>;
v000001e7561b8050_0 .net *"_ivl_0", 0 0, L_000001e7562423a0;  1 drivers
v000001e7561b7ab0_0 .net *"_ivl_10", 0 0, L_000001e756242b10;  1 drivers
v000001e7561b7d30_0 .net *"_ivl_4", 0 0, L_000001e756241ed0;  1 drivers
v000001e7561b7010_0 .net *"_ivl_6", 0 0, L_000001e756242b80;  1 drivers
v000001e7561b7e70_0 .net *"_ivl_8", 0 0, L_000001e756242aa0;  1 drivers
v000001e7561b7fb0_0 .net "a", 0 0, L_000001e75622d740;  1 drivers
v000001e7561b80f0_0 .net "b", 0 0, L_000001e75622d380;  1 drivers
v000001e7561b7b50_0 .net "cin", 0 0, L_000001e75622d560;  1 drivers
v000001e7561b7f10_0 .net "cout", 0 0, L_000001e756242fe0;  1 drivers
v000001e7561b7510_0 .net "sum", 0 0, L_000001e756242a30;  1 drivers
S_000001e7562125a0 .scope module, "fa5" "full_adder" 2 36, 2 66 0, S_000001e75611cab0;
 .timescale 0 0;
    .port_info 0 /INPUT 1 "a";
    .port_info 1 /INPUT 1 "b";
    .port_info 2 /INPUT 1 "cin";
    .port_info 3 /OUTPUT 1 "sum";
    .port_info 4 /OUTPUT 1 "cout";
L_000001e756242170 .functor XOR 1, L_000001e75622d880, L_000001e75622d600, C4<0>, C4<0>;
L_000001e7562421e0 .functor XOR 1, L_000001e756242170, L_000001e75622d1a0, C4<0>, C4<0>;
L_000001e756242d40 .functor AND 1, L_000001e75622d880, L_000001e75622d600, C4<1>, C4<1>;
L_000001e756244010 .functor AND 1, L_000001e75622d880, L_000001e75622d1a0, C4<1>, C4<1>;
L_000001e756244080 .functor OR 1, L_000001e756242d40, L_000001e756244010, C4<0>, C4<0>;
L_000001e756243f30 .functor AND 1, L_000001e75622d600, L_000001e75622d1a0, C4<1>, C4<1>;
L_000001e756243fa0 .functor OR 1, L_000001e756244080, L_000001e756243f30, C4<0>, C4<0>;
v000001e7561b8190_0 .net *"_ivl_0", 0 0, L_000001e756242170;  1 drivers
v000001e7561b7bf0_0 .net *"_ivl_10", 0 0, L_000001e756243f30;  1 drivers
v000001e7561b8230_0 .net *"_ivl_4", 0 0, L_000001e756242d40;  1 drivers
v000001e7561b8370_0 .net *"_ivl_6", 0 0, L_000001e756244010;  1 drivers
v000001e7561b6f70_0 .net *"_ivl_8", 0 0, L_000001e756244080;  1 drivers
v000001e7561b70b0_0 .net "a", 0 0, L_000001e75622d880;  1 drivers
v000001e7561b7150_0 .net "b", 0 0, L_000001e75622d600;  1 drivers
v000001e7561b7970_0 .net "cin", 0 0, L_000001e75622d1a0;  1 drivers
v000001e7561b76f0_0 .net "cout", 0 0, L_000001e756243fa0;  1 drivers
v000001e7561b7290_0 .net "sum", 0 0, L_000001e7562421e0;  1 drivers
S_000001e756212730 .scope module, "fa6" "full_adder" 2 37, 2 66 0, S_000001e75611cab0;
 .timescale 0 0;
    .port_info 0 /INPUT 1 "a";
    .port_info 1 /INPUT 1 "b";
    .port_info 2 /INPUT 1 "cin";
    .port_info 3 /OUTPUT 1 "sum";
    .port_info 4 /OUTPUT 1 "cout";
L_000001e756243d00 .functor XOR 1, L_000001e75622d240, L_000001e75622d2e0, C4<0>, C4<0>;
L_000001e756243ec0 .functor XOR 1, L_000001e756243d00, L_000001e75622d420, C4<0>, C4<0>;
L_000001e756243980 .functor AND 1, L_000001e75622d240, L_000001e75622d2e0, C4<1>, C4<1>;
L_000001e756243c90 .functor AND 1, L_000001e75622d240, L_000001e75622d420, C4<1>, C4<1>;
L_000001e7562439f0 .functor OR 1, L_000001e756243980, L_000001e756243c90, C4<0>, C4<0>;
L_000001e756243bb0 .functor AND 1, L_000001e75622d2e0, L_000001e75622d420, C4<1>, C4<1>;
L_000001e756243b40 .functor OR 1, L_000001e7562439f0, L_000001e756243bb0, C4<0>, C4<0>;
v000001e7561b78d0_0 .net *"_ivl_0", 0 0, L_000001e756243d00;  1 drivers
v000001e7561b7c90_0 .net *"_ivl_10", 0 0, L_000001e756243bb0;  1 drivers
v000001e7561b7650_0 .net *"_ivl_4", 0 0, L_000001e756243980;  1 drivers
v000001e7561b7330_0 .net *"_ivl_6", 0 0, L_000001e756243c90;  1 drivers
v000001e7561b7470_0 .net *"_ivl_8", 0 0, L_000001e7562439f0;  1 drivers
v000001e7561b75b0_0 .net "a", 0 0, L_000001e75622d240;  1 drivers
v000001e7561b7790_0 .net "b", 0 0, L_000001e75622d2e0;  1 drivers
v000001e7561b7830_0 .net "cin", 0 0, L_000001e75622d420;  1 drivers
v000001e7561a1350_0 .net "cout", 0 0, L_000001e756243b40;  1 drivers
v000001e7561a0770_0 .net "sum", 0 0, L_000001e756243ec0;  1 drivers
S_000001e7562128c0 .scope module, "fa7" "full_adder" 2 38, 2 66 0, S_000001e75611cab0;
 .timescale 0 0;
    .port_info 0 /INPUT 1 "a";
    .port_info 1 /INPUT 1 "b";
    .port_info 2 /INPUT 1 "cin";
    .port_info 3 /OUTPUT 1 "sum";
    .port_info 4 /OUTPUT 1 "cout";
L_000001e756243d70 .functor XOR 1, L_000001e7562278e0, L_000001e7562264e0, C4<0>, C4<0>;
L_000001e756243a60 .functor XOR 1, L_000001e756243d70, L_000001e756227840, C4<0>, C4<0>;
L_000001e756243ad0 .functor AND 1, L_000001e7562278e0, L_000001e7562264e0, C4<1>, C4<1>;
L_000001e756243c20 .functor AND 1, L_000001e7562278e0, L_000001e756227840, C4<1>, C4<1>;
L_000001e756243de0 .functor OR 1, L_000001e756243ad0, L_000001e756243c20, C4<0>, C4<0>;
L_000001e756243e50 .functor AND 1, L_000001e7562264e0, L_000001e756227840, C4<1>, C4<1>;
L_000001e756240ce0 .functor OR 1, L_000001e756243de0, L_000001e756243e50, C4<0>, C4<0>;
v000001e75619f7d0_0 .net *"_ivl_0", 0 0, L_000001e756243d70;  1 drivers
v000001e75619e330_0 .net *"_ivl_10", 0 0, L_000001e756243e50;  1 drivers
v000001e75619ec90_0 .net *"_ivl_4", 0 0, L_000001e756243ad0;  1 drivers
v000001e75619f870_0 .net *"_ivl_6", 0 0, L_000001e756243c20;  1 drivers
v000001e756214130_0 .net *"_ivl_8", 0 0, L_000001e756243de0;  1 drivers
v000001e756214590_0 .net "a", 0 0, L_000001e7562278e0;  1 drivers
v000001e756212d30_0 .net "b", 0 0, L_000001e7562264e0;  1 drivers
v000001e756213a50_0 .net "cin", 0 0, L_000001e756227840;  1 drivers
v000001e756214ef0_0 .net "cout", 0 0, L_000001e756240ce0;  1 drivers
v000001e756214630_0 .net "sum", 0 0, L_000001e756243a60;  1 drivers
S_000001e756216a60 .scope module, "mux0" "mux4x1" 2 55, 2 74 0, S_000001e75611cab0;
 .timescale 0 0;
    .port_info 0 /INPUT 1 "in0";
    .port_info 1 /INPUT 1 "in1";
    .port_info 2 /INPUT 1 "in2";
    .port_info 3 /INPUT 1 "in3";
    .port_info 4 /INPUT 2 "sel";
    .port_info 5 /OUTPUT 1 "out";
L_000001e756240b90 .functor NOT 1, L_000001e756226ee0, C4<0>, C4<0>, C4<0>;
L_000001e756241840 .functor NOT 1, L_000001e756227660, C4<0>, C4<0>, C4<0>;
L_000001e7562401f0 .functor AND 1, L_000001e756241840, L_000001e756240b90, L_000001e756226c60, C4<1>;
L_000001e756241ca0 .functor AND 1, L_000001e756241840, L_000001e756226a80, L_000001e756227a20, C4<1>;
L_000001e7562410d0 .functor AND 1, L_000001e756225d60, L_000001e756240b90, L_000001e756225a40, C4<1>;
L_000001e756240730 .functor AND 1, L_000001e756226b20, L_000001e756227e80, L_000001e7562277a0, C4<1>;
L_000001e756240260 .functor OR 1, L_000001e7562401f0, L_000001e756241ca0, L_000001e7562410d0, L_000001e756240730;
v000001e756212c90_0 .net *"_ivl_12", 0 0, L_000001e756225d60;  1 drivers
v000001e756213af0_0 .net *"_ivl_15", 0 0, L_000001e756226b20;  1 drivers
v000001e7562141d0_0 .net *"_ivl_17", 0 0, L_000001e756227e80;  1 drivers
v000001e7562144f0_0 .net *"_ivl_2", 0 0, L_000001e756226ee0;  1 drivers
v000001e756214270_0 .net *"_ivl_5", 0 0, L_000001e756227660;  1 drivers
v000001e756214c70_0 .net *"_ivl_9", 0 0, L_000001e756226a80;  1 drivers
v000001e756214a90_0 .net "in0", 0 0, L_000001e756226c60;  1 drivers
v000001e756213550_0 .net "in1", 0 0, L_000001e756227a20;  1 drivers
v000001e756214310_0 .net "in2", 0 0, L_000001e756225a40;  1 drivers
v000001e756214db0_0 .net "in3", 0 0, L_000001e7562277a0;  1 drivers
v000001e756212dd0_0 .net "n0", 0 0, L_000001e756240b90;  1 drivers
v000001e756212bf0_0 .net "n1", 0 0, L_000001e756241840;  1 drivers
v000001e756213690_0 .net "out", 0 0, L_000001e756240260;  1 drivers
v000001e756212ab0_0 .net "s0", 0 0, L_000001e7562401f0;  1 drivers
v000001e7562135f0_0 .net "s1", 0 0, L_000001e756241ca0;  1 drivers
v000001e756212e70_0 .net "s2", 0 0, L_000001e7562410d0;  1 drivers
v000001e756212f10_0 .net "s3", 0 0, L_000001e756240730;  1 drivers
v000001e756213b90_0 .net "sel", 1 0, L_000001e756226e40;  1 drivers
L_000001e756226ee0 .part L_000001e756226e40, 0, 1;
L_000001e756227660 .part L_000001e756226e40, 1, 1;
L_000001e756226a80 .part L_000001e756226e40, 0, 1;
L_000001e756225d60 .part L_000001e756226e40, 1, 1;
L_000001e756226b20 .part L_000001e756226e40, 1, 1;
L_000001e756227e80 .part L_000001e756226e40, 0, 1;
S_000001e756216bf0 .scope module, "mux1" "mux4x1" 2 56, 2 74 0, S_000001e75611cab0;
 .timescale 0 0;
    .port_info 0 /INPUT 1 "in0";
    .port_info 1 /INPUT 1 "in1";
    .port_info 2 /INPUT 1 "in2";
    .port_info 3 /INPUT 1 "in3";
    .port_info 4 /INPUT 2 "sel";
    .port_info 5 /OUTPUT 1 "out";
L_000001e7562418b0 .functor NOT 1, L_000001e756227f20, C4<0>, C4<0>, C4<0>;
L_000001e756241bc0 .functor NOT 1, L_000001e756226d00, C4<0>, C4<0>, C4<0>;
L_000001e756240340 .functor AND 1, L_000001e756241bc0, L_000001e7562418b0, L_000001e756226da0, C4<1>;
L_000001e756241920 .functor AND 1, L_000001e756241bc0, L_000001e7562270c0, L_000001e756227020, C4<1>;
L_000001e756241140 .functor AND 1, L_000001e756227b60, L_000001e7562418b0, L_000001e756227160, C4<1>;
L_000001e756241220 .functor AND 1, L_000001e756225fe0, L_000001e756226f80, L_000001e7562272a0, C4<1>;
L_000001e756240880 .functor OR 1, L_000001e756240340, L_000001e756241920, L_000001e756241140, L_000001e756241220;
v000001e7562143b0_0 .net *"_ivl_12", 0 0, L_000001e756227b60;  1 drivers
v000001e756213c30_0 .net *"_ivl_15", 0 0, L_000001e756225fe0;  1 drivers
v000001e756213370_0 .net *"_ivl_17", 0 0, L_000001e756226f80;  1 drivers
v000001e756213cd0_0 .net *"_ivl_2", 0 0, L_000001e756227f20;  1 drivers
v000001e756213d70_0 .net *"_ivl_5", 0 0, L_000001e756226d00;  1 drivers
v000001e756214f90_0 .net *"_ivl_9", 0 0, L_000001e7562270c0;  1 drivers
v000001e756213e10_0 .net "in0", 0 0, L_000001e756226da0;  1 drivers
v000001e756213eb0_0 .net "in1", 0 0, L_000001e756227020;  1 drivers
v000001e7562146d0_0 .net "in2", 0 0, L_000001e756227160;  1 drivers
v000001e756213ff0_0 .net "in3", 0 0, L_000001e7562272a0;  1 drivers
v000001e756212b50_0 .net "n0", 0 0, L_000001e7562418b0;  1 drivers
v000001e756213730_0 .net "n1", 0 0, L_000001e756241bc0;  1 drivers
v000001e756214810_0 .net "out", 0 0, L_000001e756240880;  1 drivers
v000001e756212fb0_0 .net "s0", 0 0, L_000001e756240340;  1 drivers
v000001e756213f50_0 .net "s1", 0 0, L_000001e756241920;  1 drivers
v000001e756213050_0 .net "s2", 0 0, L_000001e756241140;  1 drivers
v000001e756214450_0 .net "s3", 0 0, L_000001e756241220;  1 drivers
v000001e756213230_0 .net "sel", 1 0, L_000001e756226120;  1 drivers
L_000001e756227f20 .part L_000001e756226120, 0, 1;
L_000001e756226d00 .part L_000001e756226120, 1, 1;
L_000001e7562270c0 .part L_000001e756226120, 0, 1;
L_000001e756227b60 .part L_000001e756226120, 1, 1;
L_000001e756225fe0 .part L_000001e756226120, 1, 1;
L_000001e756226f80 .part L_000001e756226120, 0, 1;
S_000001e756216d80 .scope module, "mux2" "mux4x1" 2 57, 2 74 0, S_000001e75611cab0;
 .timescale 0 0;
    .port_info 0 /INPUT 1 "in0";
    .port_info 1 /INPUT 1 "in1";
    .port_info 2 /INPUT 1 "in2";
    .port_info 3 /INPUT 1 "in3";
    .port_info 4 /INPUT 2 "sel";
    .port_info 5 /OUTPUT 1 "out";
L_000001e756241290 .functor NOT 1, L_000001e756227340, C4<0>, C4<0>, C4<0>;
L_000001e756241300 .functor NOT 1, L_000001e7562273e0, C4<0>, C4<0>, C4<0>;
L_000001e756241990 .functor AND 1, L_000001e756241300, L_000001e756241290, L_000001e756227520, C4<1>;
L_000001e756241a70 .functor AND 1, L_000001e756241300, L_000001e756227480, L_000001e7562275c0, C4<1>;
L_000001e756241a00 .functor AND 1, L_000001e7562266c0, L_000001e756241290, L_000001e756227700, C4<1>;
L_000001e756240500 .functor AND 1, L_000001e756226440, L_000001e756226260, L_000001e756225ae0, C4<1>;
L_000001e756241ae0 .functor OR 1, L_000001e756241990, L_000001e756241a70, L_000001e756241a00, L_000001e756240500;
v000001e7562137d0_0 .net *"_ivl_12", 0 0, L_000001e7562266c0;  1 drivers
v000001e7562134b0_0 .net *"_ivl_15", 0 0, L_000001e756226440;  1 drivers
v000001e7562130f0_0 .net *"_ivl_17", 0 0, L_000001e756226260;  1 drivers
v000001e756213190_0 .net *"_ivl_2", 0 0, L_000001e756227340;  1 drivers
v000001e756214950_0 .net *"_ivl_5", 0 0, L_000001e7562273e0;  1 drivers
v000001e756214090_0 .net *"_ivl_9", 0 0, L_000001e756227480;  1 drivers
v000001e756214bd0_0 .net "in0", 0 0, L_000001e756227520;  1 drivers
v000001e756214770_0 .net "in1", 0 0, L_000001e7562275c0;  1 drivers
v000001e7562149f0_0 .net "in2", 0 0, L_000001e756227700;  1 drivers
v000001e7562132d0_0 .net "in3", 0 0, L_000001e756225ae0;  1 drivers
v000001e756213870_0 .net "n0", 0 0, L_000001e756241290;  1 drivers
v000001e756213910_0 .net "n1", 0 0, L_000001e756241300;  1 drivers
v000001e7562148b0_0 .net "out", 0 0, L_000001e756241ae0;  1 drivers
v000001e756213410_0 .net "s0", 0 0, L_000001e756241990;  1 drivers
v000001e7562139b0_0 .net "s1", 0 0, L_000001e756241a70;  1 drivers
v000001e756214b30_0 .net "s2", 0 0, L_000001e756241a00;  1 drivers
v000001e756214d10_0 .net "s3", 0 0, L_000001e756240500;  1 drivers
v000001e756214e50_0 .net "sel", 1 0, L_000001e756226300;  1 drivers
L_000001e756227340 .part L_000001e756226300, 0, 1;
L_000001e7562273e0 .part L_000001e756226300, 1, 1;
L_000001e756227480 .part L_000001e756226300, 0, 1;
L_000001e7562266c0 .part L_000001e756226300, 1, 1;
L_000001e756226440 .part L_000001e756226300, 1, 1;
L_000001e756226260 .part L_000001e756226300, 0, 1;
S_000001e756216f10 .scope module, "mux3" "mux4x1" 2 58, 2 74 0, S_000001e75611cab0;
 .timescale 0 0;
    .port_info 0 /INPUT 1 "in0";
    .port_info 1 /INPUT 1 "in1";
    .port_info 2 /INPUT 1 "in2";
    .port_info 3 /INPUT 1 "in3";
    .port_info 4 /INPUT 2 "sel";
    .port_info 5 /OUTPUT 1 "out";
L_000001e756241b50 .functor NOT 1, L_000001e756227ca0, C4<0>, C4<0>, C4<0>;
L_000001e756241c30 .functor NOT 1, L_000001e756227d40, C4<0>, C4<0>, C4<0>;
L_000001e7562405e0 .functor AND 1, L_000001e756241c30, L_000001e756241b50, L_000001e7562966d0, C4<1>;
L_000001e756241d10 .functor AND 1, L_000001e756241c30, L_000001e756226800, L_000001e756297b70, C4<1>;
L_000001e7562403b0 .functor AND 1, L_000001e7562973f0, L_000001e756241b50, L_000001e756297cb0, C4<1>;
L_000001e756240420 .functor AND 1, L_000001e756298390, L_000001e756297e90, L_000001e756298250, C4<1>;
L_000001e756240570 .functor OR 1, L_000001e7562405e0, L_000001e756241d10, L_000001e7562403b0, L_000001e756240420;
v000001e756215030_0 .net *"_ivl_12", 0 0, L_000001e7562973f0;  1 drivers
v000001e7562150d0_0 .net *"_ivl_15", 0 0, L_000001e756298390;  1 drivers
v000001e756215170_0 .net *"_ivl_17", 0 0, L_000001e756297e90;  1 drivers
v000001e756215210_0 .net *"_ivl_2", 0 0, L_000001e756227ca0;  1 drivers
v000001e7562161b0_0 .net *"_ivl_5", 0 0, L_000001e756227d40;  1 drivers
v000001e756216250_0 .net *"_ivl_9", 0 0, L_000001e756226800;  1 drivers
v000001e756215990_0 .net "in0", 0 0, L_000001e7562966d0;  1 drivers
v000001e7562152b0_0 .net "in1", 0 0, L_000001e756297b70;  1 drivers
v000001e756215a30_0 .net "in2", 0 0, L_000001e756297cb0;  1 drivers
v000001e756215df0_0 .net "in3", 0 0, L_000001e756298250;  1 drivers
v000001e756215cb0_0 .net "n0", 0 0, L_000001e756241b50;  1 drivers
v000001e756215c10_0 .net "n1", 0 0, L_000001e756241c30;  1 drivers
v000001e756216070_0 .net "out", 0 0, L_000001e756240570;  1 drivers
v000001e756216570_0 .net "s0", 0 0, L_000001e7562405e0;  1 drivers
v000001e756215ad0_0 .net "s1", 0 0, L_000001e756241d10;  1 drivers
v000001e7562164d0_0 .net "s2", 0 0, L_000001e7562403b0;  1 drivers
v000001e756216610_0 .net "s3", 0 0, L_000001e756240420;  1 drivers
v000001e7562162f0_0 .net "sel", 1 0, L_000001e756298070;  1 drivers
L_000001e756227ca0 .part L_000001e756298070, 0, 1;
L_000001e756227d40 .part L_000001e756298070, 1, 1;
L_000001e756226800 .part L_000001e756298070, 0, 1;
L_000001e7562973f0 .part L_000001e756298070, 1, 1;
L_000001e756298390 .part L_000001e756298070, 1, 1;
L_000001e756297e90 .part L_000001e756298070, 0, 1;
S_000001e7562170a0 .scope module, "mux4" "mux4x1" 2 59, 2 74 0, S_000001e75611cab0;
 .timescale 0 0;
    .port_info 0 /INPUT 1 "in0";
    .port_info 1 /INPUT 1 "in1";
    .port_info 2 /INPUT 1 "in2";
    .port_info 3 /INPUT 1 "in3";
    .port_info 4 /INPUT 2 "sel";
    .port_info 5 /OUTPUT 1 "out";
L_000001e756240650 .functor NOT 1, L_000001e756296c70, C4<0>, C4<0>, C4<0>;
L_000001e7562406c0 .functor NOT 1, L_000001e7562968b0, C4<0>, C4<0>, C4<0>;
L_000001e7562a3610 .functor AND 1, L_000001e7562406c0, L_000001e756240650, L_000001e756295ff0, C4<1>;
L_000001e7562a2500 .functor AND 1, L_000001e7562406c0, L_000001e756297530, L_000001e7562970d0, C4<1>;
L_000001e7562a3450 .functor AND 1, L_000001e756296bd0, L_000001e756240650, L_000001e756296590, C4<1>;
L_000001e7562a2570 .functor AND 1, L_000001e756296a90, L_000001e756297f30, L_000001e756295e10, C4<1>;
L_000001e7562a1f50 .functor OR 1, L_000001e7562a3610, L_000001e7562a2500, L_000001e7562a3450, L_000001e7562a2570;
v000001e756216430_0 .net *"_ivl_12", 0 0, L_000001e756296bd0;  1 drivers
v000001e756215530_0 .net *"_ivl_15", 0 0, L_000001e756296a90;  1 drivers
v000001e756216110_0 .net *"_ivl_17", 0 0, L_000001e756297f30;  1 drivers
v000001e756216930_0 .net *"_ivl_2", 0 0, L_000001e756296c70;  1 drivers
v000001e7562157b0_0 .net *"_ivl_5", 0 0, L_000001e7562968b0;  1 drivers
v000001e756215d50_0 .net *"_ivl_9", 0 0, L_000001e756297530;  1 drivers
v000001e7562166b0_0 .net "in0", 0 0, L_000001e756295ff0;  1 drivers
v000001e7562155d0_0 .net "in1", 0 0, L_000001e7562970d0;  1 drivers
v000001e756215e90_0 .net "in2", 0 0, L_000001e756296590;  1 drivers
v000001e756216390_0 .net "in3", 0 0, L_000001e756295e10;  1 drivers
v000001e7562158f0_0 .net "n0", 0 0, L_000001e756240650;  1 drivers
v000001e756215850_0 .net "n1", 0 0, L_000001e7562406c0;  1 drivers
v000001e756216750_0 .net "out", 0 0, L_000001e7562a1f50;  1 drivers
v000001e7562167f0_0 .net "s0", 0 0, L_000001e7562a3610;  1 drivers
v000001e756215f30_0 .net "s1", 0 0, L_000001e7562a2500;  1 drivers
v000001e756216890_0 .net "s2", 0 0, L_000001e7562a3450;  1 drivers
v000001e756215350_0 .net "s3", 0 0, L_000001e7562a2570;  1 drivers
v000001e756215b70_0 .net "sel", 1 0, L_000001e756298430;  1 drivers
L_000001e756296c70 .part L_000001e756298430, 0, 1;
L_000001e7562968b0 .part L_000001e756298430, 1, 1;
L_000001e756297530 .part L_000001e756298430, 0, 1;
L_000001e756296bd0 .part L_000001e756298430, 1, 1;
L_000001e756296a90 .part L_000001e756298430, 1, 1;
L_000001e756297f30 .part L_000001e756298430, 0, 1;
S_000001e756217230 .scope module, "mux5" "mux4x1" 2 60, 2 74 0, S_000001e75611cab0;
 .timescale 0 0;
    .port_info 0 /INPUT 1 "in0";
    .port_info 1 /INPUT 1 "in1";
    .port_info 2 /INPUT 1 "in2";
    .port_info 3 /INPUT 1 "in3";
    .port_info 4 /INPUT 2 "sel";
    .port_info 5 /OUTPUT 1 "out";
L_000001e7562a2ce0 .functor NOT 1, L_000001e756296db0, C4<0>, C4<0>, C4<0>;
L_000001e7562a2dc0 .functor NOT 1, L_000001e756297c10, C4<0>, C4<0>, C4<0>;
L_000001e7562a33e0 .functor AND 1, L_000001e7562a2dc0, L_000001e7562a2ce0, L_000001e756296d10, C4<1>;
L_000001e7562a25e0 .functor AND 1, L_000001e7562a2dc0, L_000001e7562975d0, L_000001e756296e50, C4<1>;
L_000001e7562a2180 .functor AND 1, L_000001e756296810, L_000001e7562a2ce0, L_000001e756296630, C4<1>;
L_000001e7562a1ee0 .functor AND 1, L_000001e7562963b0, L_000001e756297fd0, L_000001e756297df0, C4<1>;
L_000001e7562a3530 .functor OR 1, L_000001e7562a33e0, L_000001e7562a25e0, L_000001e7562a2180, L_000001e7562a1ee0;
v000001e756215fd0_0 .net *"_ivl_12", 0 0, L_000001e756296810;  1 drivers
v000001e7562153f0_0 .net *"_ivl_15", 0 0, L_000001e7562963b0;  1 drivers
v000001e756215490_0 .net *"_ivl_17", 0 0, L_000001e756297fd0;  1 drivers
v000001e756215670_0 .net *"_ivl_2", 0 0, L_000001e756296db0;  1 drivers
v000001e756215710_0 .net *"_ivl_5", 0 0, L_000001e756297c10;  1 drivers
v000001e756218780_0 .net *"_ivl_9", 0 0, L_000001e7562975d0;  1 drivers
v000001e756218c80_0 .net "in0", 0 0, L_000001e756296d10;  1 drivers
v000001e7562180a0_0 .net "in1", 0 0, L_000001e756296e50;  1 drivers
v000001e756217ba0_0 .net "in2", 0 0, L_000001e756296630;  1 drivers
v000001e756218fa0_0 .net "in3", 0 0, L_000001e756297df0;  1 drivers
v000001e756218000_0 .net "n0", 0 0, L_000001e7562a2ce0;  1 drivers
v000001e756218280_0 .net "n1", 0 0, L_000001e7562a2dc0;  1 drivers
v000001e756219900_0 .net "out", 0 0, L_000001e7562a3530;  1 drivers
v000001e756218d20_0 .net "s0", 0 0, L_000001e7562a33e0;  1 drivers
v000001e756219400_0 .net "s1", 0 0, L_000001e7562a25e0;  1 drivers
v000001e7562197c0_0 .net "s2", 0 0, L_000001e7562a2180;  1 drivers
v000001e7562186e0_0 .net "s3", 0 0, L_000001e7562a1ee0;  1 drivers
v000001e756218dc0_0 .net "sel", 1 0, L_000001e756297d50;  1 drivers
L_000001e756296db0 .part L_000001e756297d50, 0, 1;
L_000001e756297c10 .part L_000001e756297d50, 1, 1;
L_000001e7562975d0 .part L_000001e756297d50, 0, 1;
L_000001e756296810 .part L_000001e756297d50, 1, 1;
L_000001e7562963b0 .part L_000001e756297d50, 1, 1;
L_000001e756297fd0 .part L_000001e756297d50, 0, 1;
S_000001e75621b3d0 .scope module, "mux6" "mux4x1" 2 61, 2 74 0, S_000001e75611cab0;
 .timescale 0 0;
    .port_info 0 /INPUT 1 "in0";
    .port_info 1 /INPUT 1 "in1";
    .port_info 2 /INPUT 1 "in2";
    .port_info 3 /INPUT 1 "in3";
    .port_info 4 /INPUT 2 "sel";
    .port_info 5 /OUTPUT 1 "out";
L_000001e7562a2a40 .functor NOT 1, L_000001e7562961d0, C4<0>, C4<0>, C4<0>;
L_000001e7562a2b20 .functor NOT 1, L_000001e7562972b0, C4<0>, C4<0>, C4<0>;
L_000001e7562a2650 .functor AND 1, L_000001e7562a2b20, L_000001e7562a2a40, L_000001e756297350, C4<1>;
L_000001e7562a3840 .functor AND 1, L_000001e7562a2b20, L_000001e7562964f0, L_000001e756297850, C4<1>;
L_000001e7562a38b0 .functor AND 1, L_000001e756296ef0, L_000001e7562a2a40, L_000001e7562981b0, C4<1>;
L_000001e7562a26c0 .functor AND 1, L_000001e7562977b0, L_000001e756298110, L_000001e756297670, C4<1>;
L_000001e7562a2ff0 .functor OR 1, L_000001e7562a2650, L_000001e7562a3840, L_000001e7562a38b0, L_000001e7562a26c0;
v000001e756219b80_0 .net *"_ivl_12", 0 0, L_000001e756296ef0;  1 drivers
v000001e756218140_0 .net *"_ivl_15", 0 0, L_000001e7562977b0;  1 drivers
v000001e756217d80_0 .net *"_ivl_17", 0 0, L_000001e756298110;  1 drivers
v000001e7562199a0_0 .net *"_ivl_2", 0 0, L_000001e7562961d0;  1 drivers
v000001e756219a40_0 .net *"_ivl_5", 0 0, L_000001e7562972b0;  1 drivers
v000001e7562192c0_0 .net *"_ivl_9", 0 0, L_000001e7562964f0;  1 drivers
v000001e756218960_0 .net "in0", 0 0, L_000001e756297350;  1 drivers
v000001e756218460_0 .net "in1", 0 0, L_000001e756297850;  1 drivers
v000001e7562195e0_0 .net "in2", 0 0, L_000001e7562981b0;  1 drivers
v000001e756218320_0 .net "in3", 0 0, L_000001e756297670;  1 drivers
v000001e756218f00_0 .net "n0", 0 0, L_000001e7562a2a40;  1 drivers
v000001e756217f60_0 .net "n1", 0 0, L_000001e7562a2b20;  1 drivers
v000001e756217c40_0 .net "out", 0 0, L_000001e7562a2ff0;  1 drivers
v000001e756218e60_0 .net "s0", 0 0, L_000001e7562a2650;  1 drivers
v000001e756219ae0_0 .net "s1", 0 0, L_000001e7562a3840;  1 drivers
v000001e756217420_0 .net "s2", 0 0, L_000001e7562a38b0;  1 drivers
v000001e756219540_0 .net "s3", 0 0, L_000001e7562a26c0;  1 drivers
v000001e7562176a0_0 .net "sel", 1 0, L_000001e756296450;  1 drivers
L_000001e7562961d0 .part L_000001e756296450, 0, 1;
L_000001e7562972b0 .part L_000001e756296450, 1, 1;
L_000001e7562964f0 .part L_000001e756296450, 0, 1;
L_000001e756296ef0 .part L_000001e756296450, 1, 1;
L_000001e7562977b0 .part L_000001e756296450, 1, 1;
L_000001e756298110 .part L_000001e756296450, 0, 1;
S_000001e75621b560 .scope module, "mux7" "mux4x1" 2 62, 2 74 0, S_000001e75611cab0;
 .timescale 0 0;
    .port_info 0 /INPUT 1 "in0";
    .port_info 1 /INPUT 1 "in1";
    .port_info 2 /INPUT 1 "in2";
    .port_info 3 /INPUT 1 "in3";
    .port_info 4 /INPUT 2 "sel";
    .port_info 5 /OUTPUT 1 "out";
L_000001e7562a34c0 .functor NOT 1, L_000001e756296270, C4<0>, C4<0>, C4<0>;
L_000001e7562a2260 .functor NOT 1, L_000001e756297a30, C4<0>, C4<0>, C4<0>;
L_000001e7562a2960 .functor AND 1, L_000001e7562a2260, L_000001e7562a34c0, L_000001e7562982f0, C4<1>;
L_000001e7562a2490 .functor AND 1, L_000001e7562a2260, L_000001e756296090, L_000001e756297490, C4<1>;
L_000001e7562a2810 .functor AND 1, L_000001e756297710, L_000001e7562a34c0, L_000001e756297030, C4<1>;
L_000001e7562a37d0 .functor AND 1, L_000001e7562978f0, L_000001e756296f90, L_000001e756297170, C4<1>;
L_000001e7562a2730 .functor OR 1, L_000001e7562a2960, L_000001e7562a2490, L_000001e7562a2810, L_000001e7562a37d0;
v000001e756218500_0 .net *"_ivl_12", 0 0, L_000001e756297710;  1 drivers
v000001e7562174c0_0 .net *"_ivl_15", 0 0, L_000001e7562978f0;  1 drivers
v000001e756219040_0 .net *"_ivl_17", 0 0, L_000001e756296f90;  1 drivers
v000001e756217560_0 .net *"_ivl_2", 0 0, L_000001e756296270;  1 drivers
v000001e756218be0_0 .net *"_ivl_5", 0 0, L_000001e756297a30;  1 drivers
v000001e7562190e0_0 .net *"_ivl_9", 0 0, L_000001e756296090;  1 drivers
v000001e756219220_0 .net "in0", 0 0, L_000001e7562982f0;  1 drivers
v000001e7562183c0_0 .net "in1", 0 0, L_000001e756297490;  1 drivers
v000001e7562185a0_0 .net "in2", 0 0, L_000001e756297030;  1 drivers
v000001e756219680_0 .net "in3", 0 0, L_000001e756297170;  1 drivers
v000001e756218640_0 .net "n0", 0 0, L_000001e7562a34c0;  1 drivers
v000001e756217600_0 .net "n1", 0 0, L_000001e7562a2260;  1 drivers
v000001e756219720_0 .net "out", 0 0, L_000001e7562a2730;  1 drivers
v000001e756219180_0 .net "s0", 0 0, L_000001e7562a2960;  1 drivers
v000001e756217740_0 .net "s1", 0 0, L_000001e7562a2490;  1 drivers
v000001e756218820_0 .net "s2", 0 0, L_000001e7562a2810;  1 drivers
v000001e7562188c0_0 .net "s3", 0 0, L_000001e7562a37d0;  1 drivers
v000001e756218a00_0 .net "sel", 1 0, L_000001e7562984d0;  1 drivers
L_000001e756296270 .part L_000001e7562984d0, 0, 1;
L_000001e756297a30 .part L_000001e7562984d0, 1, 1;
L_000001e756296090 .part L_000001e7562984d0, 0, 1;
L_000001e756297710 .part L_000001e7562984d0, 1, 1;
L_000001e7562978f0 .part L_000001e7562984d0, 1, 1;
L_000001e756296f90 .part L_000001e7562984d0, 0, 1;
# The file index is used to find the file name in the following table.
:file_names 3;
    "N/A";
    "<interactive>";
    "combinational_circuit.v";
